mode: atomic
github.com/bytemare/doclane/cmd/doclane/main.go:9.13,11.2 1 0
github.com/bytemare/doclane/internal/cli/cli.go:15.29,16.20 1 0
github.com/bytemare/doclane/internal/cli/cli.go:16.20,19.3 2 0
github.com/bytemare/doclane/internal/cli/cli.go:21.2,21.17 1 0
github.com/bytemare/doclane/internal/cli/cli.go:22.14,23.27 1 0
github.com/bytemare/doclane/internal/cli/cli.go:24.18,25.31 1 0
github.com/bytemare/doclane/internal/cli/cli.go:26.36,28.11 2 0
github.com/bytemare/doclane/internal/cli/cli.go:29.10,31.11 2 0
github.com/bytemare/doclane/internal/cli/cli.go:35.23,37.2 1 0
github.com/bytemare/doclane/internal/cli/cli.go:39.37,44.39 4 0
github.com/bytemare/doclane/internal/cli/cli.go:44.39,46.3 1 0
github.com/bytemare/doclane/internal/cli/cli.go:48.2,48.63 1 0
github.com/bytemare/doclane/internal/cli/cli.go:48.63,51.3 2 0
github.com/bytemare/doclane/internal/cli/cli.go:53.2,54.10 2 0
github.com/bytemare/doclane/internal/cli/cli.go:57.33,79.39 20 0
github.com/bytemare/doclane/internal/cli/cli.go:79.39,81.3 1 0
github.com/bytemare/doclane/internal/cli/cli.go:83.2,83.22 1 0
github.com/bytemare/doclane/internal/cli/cli.go:83.22,84.55 1 0
github.com/bytemare/doclane/internal/cli/cli.go:84.55,86.18 2 0
github.com/bytemare/doclane/internal/cli/cli.go:86.18,88.5 1 0
github.com/bytemare/doclane/internal/cli/cli.go:92.2,92.40 1 0
github.com/bytemare/doclane/internal/cli/cli.go:92.40,95.3 2 0
github.com/bytemare/doclane/internal/cli/cli.go:97.2,98.16 2 0
github.com/bytemare/doclane/internal/cli/cli.go:98.16,101.3 2 0
github.com/bytemare/doclane/internal/cli/cli.go:103.2,103.36 1 0
github.com/bytemare/doclane/internal/cli/cli.go:103.36,105.3 1 0
github.com/bytemare/doclane/internal/cli/cli.go:106.2,107.17 2 0
github.com/bytemare/doclane/internal/cli/cli.go:107.17,110.3 2 0
github.com/bytemare/doclane/internal/cli/cli.go:111.2,112.24 2 0
github.com/bytemare/doclane/internal/cli/cli.go:112.24,114.3 1 0
github.com/bytemare/doclane/internal/cli/cli.go:115.2,115.10 1 0
github.com/bytemare/doclane/internal/cli/cli.go:118.47,120.22 2 0
github.com/bytemare/doclane/internal/cli/cli.go:120.22,122.3 1 0
github.com/bytemare/doclane/internal/cli/cli.go:123.2,125.16 3 0
github.com/bytemare/doclane/internal/cli/cli.go:125.16,128.3 2 0
github.com/bytemare/doclane/internal/cli/cli.go:129.2,129.15 1 0
github.com/bytemare/doclane/internal/cli/cli.go:129.15,130.37 1 0
github.com/bytemare/doclane/internal/cli/cli.go:130.37,132.4 1 0
github.com/bytemare/doclane/internal/cli/cli.go:135.2,135.68 1 0
github.com/bytemare/doclane/internal/cli/cli.go:135.68,138.3 2 0
github.com/bytemare/doclane/internal/cli/cli.go:139.2,139.37 1 0
github.com/bytemare/doclane/internal/cli/cli.go:139.37,140.91 1 0
github.com/bytemare/doclane/internal/cli/cli.go:140.91,143.4 2 0
github.com/bytemare/doclane/internal/cli/cli.go:145.2,145.24 1 0
github.com/bytemare/doclane/internal/cli/cli.go:145.24,146.72 1 0
github.com/bytemare/doclane/internal/cli/cli.go:146.72,149.4 2 0
github.com/bytemare/doclane/internal/config/config.go:60.49,62.16 2 1
github.com/bytemare/doclane/internal/config/config.go:62.16,64.3 1 0
github.com/bytemare/doclane/internal/config/config.go:65.2,68.41 4 1
github.com/bytemare/doclane/internal/config/config.go:68.41,70.3 1 0
github.com/bytemare/doclane/internal/config/config.go:71.2,72.39 2 1
github.com/bytemare/doclane/internal/config/config.go:72.39,74.3 1 0
github.com/bytemare/doclane/internal/config/config.go:75.2,75.24 1 1
github.com/bytemare/doclane/internal/config/config.go:78.34,79.20 1 1
github.com/bytemare/doclane/internal/config/config.go:79.20,81.3 1 0
github.com/bytemare/doclane/internal/config/config.go:82.2,82.25 1 1
github.com/bytemare/doclane/internal/config/config.go:82.25,84.3 1 0
github.com/bytemare/doclane/internal/config/config.go:85.2,85.25 1 1
github.com/bytemare/doclane/internal/config/config.go:85.25,87.3 1 1
github.com/bytemare/doclane/internal/config/config.go:91.35,92.20 1 1
github.com/bytemare/doclane/internal/config/config.go:92.20,94.3 1 0
github.com/bytemare/doclane/internal/config/config.go:95.2,95.25 1 1
github.com/bytemare/doclane/internal/config/config.go:95.25,97.3 1 0
github.com/bytemare/doclane/internal/config/config.go:98.2,98.44 1 1
github.com/bytemare/doclane/internal/config/config.go:98.44,100.3 1 0
github.com/bytemare/doclane/internal/config/config.go:101.2,101.29 1 1
github.com/bytemare/doclane/internal/config/config.go:101.29,103.3 1 0
github.com/bytemare/doclane/internal/config/config.go:104.2,104.61 1 1
github.com/bytemare/doclane/internal/config/config.go:104.61,106.3 1 0
github.com/bytemare/doclane/internal/config/config.go:107.2,107.60 1 1
github.com/bytemare/doclane/internal/config/config.go:107.60,109.3 1 0
github.com/bytemare/doclane/internal/config/config.go:110.2,110.23 1 1
github.com/bytemare/doclane/internal/config/config.go:111.25,111.25 0 1
github.com/bytemare/doclane/internal/config/config.go:112.10,113.82 1 0
github.com/bytemare/doclane/internal/config/config.go:115.2,115.25 1 1
github.com/bytemare/doclane/internal/config/config.go:115.25,117.3 1 0
github.com/bytemare/doclane/internal/config/config.go:118.2,119.16 2 1
github.com/bytemare/doclane/internal/config/config.go:119.16,121.3 1 0
github.com/bytemare/doclane/internal/config/config.go:122.2,123.22 2 1
github.com/bytemare/doclane/internal/config/config.go:123.22,125.3 1 0
github.com/bytemare/doclane/internal/config/config.go:127.2,129.24 3 1
github.com/bytemare/doclane/internal/config/config.go:129.24,131.21 2 1
github.com/bytemare/doclane/internal/config/config.go:131.21,133.4 1 0
github.com/bytemare/doclane/internal/config/config.go:134.3,134.33 1 1
github.com/bytemare/doclane/internal/config/config.go:134.33,136.4 1 0
github.com/bytemare/doclane/internal/config/config.go:137.3,138.44 2 1
github.com/bytemare/doclane/internal/config/config.go:138.44,140.4 1 0
github.com/bytemare/doclane/internal/config/config.go:141.3,141.44 1 1
github.com/bytemare/doclane/internal/config/config.go:141.44,143.4 1 0
github.com/bytemare/doclane/internal/config/config.go:144.3,145.17 2 1
github.com/bytemare/doclane/internal/config/config.go:145.17,147.4 1 0
github.com/bytemare/doclane/internal/config/config.go:148.3,149.43 2 1
github.com/bytemare/doclane/internal/config/config.go:149.43,151.4 1 0
github.com/bytemare/doclane/internal/config/config.go:152.3,153.58 2 1
github.com/bytemare/doclane/internal/config/config.go:153.58,155.4 1 0
github.com/bytemare/doclane/internal/config/config.go:157.2,157.12 1 1
github.com/bytemare/doclane/internal/config/config.go:161.58,162.23 1 13
github.com/bytemare/doclane/internal/config/config.go:162.23,164.3 1 1
github.com/bytemare/doclane/internal/config/config.go:165.2,166.18 2 12
github.com/bytemare/doclane/internal/config/config.go:166.18,168.3 1 0
github.com/bytemare/doclane/internal/config/config.go:169.2,169.80 1 12
github.com/bytemare/doclane/internal/config/config.go:169.80,171.3 1 3
github.com/bytemare/doclane/internal/config/config.go:172.2,172.19 1 9
github.com/bytemare/doclane/internal/githubapi/client.go:61.32,63.2 1 0
github.com/bytemare/doclane/internal/githubapi/client.go:67.87,68.23 1 0
github.com/bytemare/doclane/internal/githubapi/client.go:68.23,70.3 1 0
github.com/bytemare/doclane/internal/githubapi/client.go:71.2,71.38 1 0
github.com/bytemare/doclane/internal/githubapi/client.go:71.38,73.3 1 0
github.com/bytemare/doclane/internal/githubapi/client.go:74.2,78.3 1 0
github.com/bytemare/doclane/internal/githubapi/client.go:82.112,83.18 1 0
github.com/bytemare/doclane/internal/githubapi/client.go:84.27,86.17 2 0
github.com/bytemare/doclane/internal/githubapi/client.go:86.17,88.4 1 0
github.com/bytemare/doclane/internal/githubapi/client.go:89.3,90.17 2 0
github.com/bytemare/doclane/internal/githubapi/client.go:90.17,92.4 1 0
github.com/bytemare/doclane/internal/githubapi/client.go:93.3,95.23 3 0
github.com/bytemare/doclane/internal/githubapi/client.go:96.27,98.17 2 0
github.com/bytemare/doclane/internal/githubapi/client.go:98.17,100.4 1 0
github.com/bytemare/doclane/internal/githubapi/client.go:101.3,103.23 3 0
github.com/bytemare/doclane/internal/githubapi/client.go:104.24,106.17 2 0
github.com/bytemare/doclane/internal/githubapi/client.go:106.17,108.4 1 0
github.com/bytemare/doclane/internal/githubapi/client.go:109.3,111.23 3 0
github.com/bytemare/doclane/internal/githubapi/client.go:112.27,114.17 2 0
github.com/bytemare/doclane/internal/githubapi/client.go:114.17,116.4 1 0
github.com/bytemare/doclane/internal/githubapi/client.go:117.3,122.9 1 0
github.com/bytemare/doclane/internal/githubapi/client.go:123.10,124.77 1 0
github.com/bytemare/doclane/internal/githubapi/client.go:129.85,133.77 2 0
github.com/bytemare/doclane/internal/githubapi/client.go:133.77,135.3 1 0
github.com/bytemare/doclane/internal/githubapi/client.go:136.2,136.29 1 0
github.com/bytemare/doclane/internal/githubapi/client.go:136.29,138.3 1 0
github.com/bytemare/doclane/internal/githubapi/client.go:139.2,139.31 1 0
github.com/bytemare/doclane/internal/githubapi/client.go:143.93,151.49 4 0
github.com/bytemare/doclane/internal/githubapi/client.go:151.49,153.3 1 0
github.com/bytemare/doclane/internal/githubapi/client.go:154.2,154.24 1 0
github.com/bytemare/doclane/internal/githubapi/client.go:154.24,156.3 1 0
github.com/bytemare/doclane/internal/githubapi/client.go:157.2,157.30 1 0
github.com/bytemare/doclane/internal/githubapi/client.go:157.30,159.3 1 0
github.com/bytemare/doclane/internal/githubapi/client.go:160.2,161.16 2 0
github.com/bytemare/doclane/internal/githubapi/client.go:161.16,163.3 1 0
github.com/bytemare/doclane/internal/githubapi/client.go:164.2,164.21 1 0
github.com/bytemare/doclane/internal/githubapi/client.go:168.120,170.16 2 0
github.com/bytemare/doclane/internal/githubapi/client.go:170.16,172.3 1 0
github.com/bytemare/doclane/internal/githubapi/client.go:173.2,175.16 3 0
github.com/bytemare/doclane/internal/githubapi/client.go:175.16,177.3 1 0
github.com/bytemare/doclane/internal/githubapi/client.go:178.2,178.32 1 0
github.com/bytemare/doclane/internal/githubapi/client.go:178.32,180.3 1 0
github.com/bytemare/doclane/internal/githubapi/client.go:181.2,182.17 2 0
github.com/bytemare/doclane/internal/githubapi/client.go:182.17,184.3 1 0
github.com/bytemare/doclane/internal/githubapi/client.go:185.2,186.17 2 0
github.com/bytemare/doclane/internal/githubapi/client.go:186.17,188.3 1 0
github.com/bytemare/doclane/internal/githubapi/client.go:189.2,189.23 1 0
github.com/bytemare/doclane/internal/githubapi/client.go:189.23,191.3 1 0
github.com/bytemare/doclane/internal/githubapi/client.go:192.2,192.25 1 0
github.com/bytemare/doclane/internal/githubapi/client.go:192.25,194.3 1 0
github.com/bytemare/doclane/internal/githubapi/client.go:195.2,195.25 1 0
github.com/bytemare/doclane/internal/githubapi/client.go:195.25,197.3 1 0
github.com/bytemare/doclane/internal/githubapi/client.go:198.2,198.21 1 0
github.com/bytemare/doclane/internal/githubapi/client.go:202.123,211.16 3 0
github.com/bytemare/doclane/internal/githubapi/client.go:211.16,213.3 1 0
github.com/bytemare/doclane/internal/githubapi/client.go:214.2,216.88 3 0
github.com/bytemare/doclane/internal/githubapi/client.go:216.88,218.3 1 0
github.com/bytemare/doclane/internal/githubapi/client.go:219.2,219.16 1 0
github.com/bytemare/doclane/internal/githubapi/client.go:222.95,234.49 3 0
github.com/bytemare/doclane/internal/githubapi/client.go:234.49,236.3 1 0
github.com/bytemare/doclane/internal/githubapi/client.go:237.2,240.8 1 0
github.com/bytemare/doclane/internal/githubapi/client.go:243.89,251.52 3 0
github.com/bytemare/doclane/internal/githubapi/client.go:251.52,253.3 1 0
github.com/bytemare/doclane/internal/githubapi/client.go:255.2,257.28 3 0
github.com/bytemare/doclane/internal/githubapi/client.go:258.16,260.90 2 0
github.com/bytemare/doclane/internal/githubapi/client.go:261.13,273.53 3 0
github.com/bytemare/doclane/internal/githubapi/client.go:273.53,275.4 1 0
github.com/bytemare/doclane/internal/githubapi/client.go:276.3,276.37 1 0
github.com/bytemare/doclane/internal/githubapi/client.go:276.37,278.4 1 0
github.com/bytemare/doclane/internal/githubapi/client.go:279.3,284.4 2 0
github.com/bytemare/doclane/internal/githubapi/client.go:285.10,286.93 1 0
github.com/bytemare/doclane/internal/githubapi/client.go:289.2,290.16 2 0
github.com/bytemare/doclane/internal/githubapi/client.go:290.16,292.3 1 0
github.com/bytemare/doclane/internal/githubapi/client.go:293.2,297.8 1 0
github.com/bytemare/doclane/internal/githubapi/client.go:300.90,308.93 2 0
github.com/bytemare/doclane/internal/githubapi/client.go:308.93,310.3 1 0
github.com/bytemare/doclane/internal/githubapi/client.go:311.2,311.39 1 0
github.com/bytemare/doclane/internal/githubapi/client.go:314.111,316.16 2 0
github.com/bytemare/doclane/internal/githubapi/client.go:316.16,318.3 1 0
github.com/bytemare/doclane/internal/githubapi/client.go:319.2,322.49 4 0
github.com/bytemare/doclane/internal/githubapi/client.go:322.49,324.3 1 0
github.com/bytemare/doclane/internal/githubapi/client.go:325.2,325.19 1 0
github.com/bytemare/doclane/internal/githubapi/client.go:325.19,327.3 1 0
github.com/bytemare/doclane/internal/githubapi/client.go:328.2,328.20 1 0
github.com/bytemare/doclane/internal/githubapi/client.go:331.79,333.2 1 0
github.com/bytemare/doclane/internal/githubapi/client.go:335.102,336.19 1 0
github.com/bytemare/doclane/internal/githubapi/client.go:336.19,338.3 1 0
github.com/bytemare/doclane/internal/githubapi/client.go:339.2,340.16 2 0
github.com/bytemare/doclane/internal/githubapi/client.go:340.16,342.3 1 0
github.com/bytemare/doclane/internal/githubapi/client.go:343.2,346.17 4 0
github.com/bytemare/doclane/internal/githubapi/client.go:346.17,348.3 1 0
github.com/bytemare/doclane/internal/githubapi/client.go:349.2,350.16 2 0
github.com/bytemare/doclane/internal/githubapi/client.go:350.16,352.3 1 0
github.com/bytemare/doclane/internal/githubapi/client.go:353.2,353.15 1 0
github.com/bytemare/doclane/internal/githubapi/client.go:353.15,355.3 1 0
github.com/bytemare/doclane/internal/githubapi/client.go:357.2,357.44 1 0
github.com/bytemare/doclane/internal/githubapi/client.go:357.44,359.3 1 0
github.com/bytemare/doclane/internal/githubapi/client.go:360.2,360.53 1 0
github.com/bytemare/doclane/internal/githubapi/client.go:360.53,366.3 2 0
github.com/bytemare/doclane/internal/githubapi/client.go:367.2,367.16 1 0
github.com/bytemare/doclane/internal/githubapi/client.go:367.16,370.3 2 0
github.com/bytemare/doclane/internal/githubapi/client.go:371.2,371.47 1 0
github.com/bytemare/doclane/internal/githubapi/client.go:380.36,381.18 1 0
github.com/bytemare/doclane/internal/githubapi/client.go:381.18,383.3 1 0
github.com/bytemare/doclane/internal/githubapi/client.go:384.2,384.70 1 0
github.com/bytemare/doclane/internal/githubapi/client.go:387.43,389.31 2 0
github.com/bytemare/doclane/internal/githubapi/client.go:389.31,391.3 1 0
github.com/bytemare/doclane/internal/githubapi/client.go:392.2,392.128 1 0
github.com/bytemare/doclane/internal/githubapi/client.go:395.53,397.38 2 0
github.com/bytemare/doclane/internal/githubapi/client.go:397.38,399.3 1 0
github.com/bytemare/doclane/internal/githubapi/client.go:400.2,400.25 1 0
github.com/bytemare/doclane/internal/githubapi/client.go:403.38,405.18 2 0
github.com/bytemare/doclane/internal/githubapi/client.go:405.18,407.3 1 0
github.com/bytemare/doclane/internal/githubapi/client.go:408.2,409.23 2 0
github.com/bytemare/doclane/internal/githubapi/client.go:409.23,411.3 1 0
github.com/bytemare/doclane/internal/githubapi/client.go:412.2,412.33 1 0
github.com/bytemare/doclane/internal/gitops/gitops.go:18.36,21.2 2 0
github.com/bytemare/doclane/internal/gitops/gitops.go:24.49,26.16 2 0
github.com/bytemare/doclane/internal/gitops/gitops.go:26.16,28.3 1 0
github.com/bytemare/doclane/internal/gitops/gitops.go:29.2,29.36 1 0
github.com/bytemare/doclane/internal/gitops/gitops.go:33.51,34.64 1 0
github.com/bytemare/doclane/internal/gitops/gitops.go:34.64,36.3 1 0
github.com/bytemare/doclane/internal/gitops/gitops.go:37.2,37.50 1 0
github.com/bytemare/doclane/internal/gitops/gitops.go:41.53,43.2 1 0
github.com/bytemare/doclane/internal/gitops/gitops.go:46.44,49.2 2 0
github.com/bytemare/doclane/internal/gitops/gitops.go:52.66,54.13 2 0
github.com/bytemare/doclane/internal/gitops/gitops.go:54.13,56.3 1 0
github.com/bytemare/doclane/internal/gitops/gitops.go:57.2,57.10 1 0
github.com/bytemare/doclane/internal/gitops/gitops.go:57.10,59.3 1 0
github.com/bytemare/doclane/internal/gitops/gitops.go:60.2,60.28 1 0
github.com/bytemare/doclane/internal/gitops/gitops.go:64.54,66.2 1 0
github.com/bytemare/doclane/internal/gitops/gitops.go:69.46,71.16 2 0
github.com/bytemare/doclane/internal/gitops/gitops.go:71.16,73.3 1 0
github.com/bytemare/doclane/internal/gitops/gitops.go:74.2,74.48 1 0
github.com/bytemare/doclane/internal/gitops/gitops.go:77.53,80.9 3 0
github.com/bytemare/doclane/internal/gitops/gitops.go:81.56,82.64 1 0
github.com/bytemare/doclane/internal/gitops/gitops.go:83.52,84.60 1 0
github.com/bytemare/doclane/internal/gitops/gitops.go:85.10,86.88 1 0
github.com/bytemare/doclane/internal/gitops/gitops.go:90.48,93.2 2 0
github.com/bytemare/doclane/internal/gitops/gitops.go:95.53,101.34 6 0
github.com/bytemare/doclane/internal/gitops/gitops.go:101.34,103.31 2 0
github.com/bytemare/doclane/internal/gitops/gitops.go:103.31,105.17 2 0
github.com/bytemare/doclane/internal/gitops/gitops.go:105.17,107.5 1 0
github.com/bytemare/doclane/internal/gitops/gitops.go:108.4,108.89 1 0
github.com/bytemare/doclane/internal/gitops/gitops.go:110.3,110.30 1 0
github.com/bytemare/doclane/internal/gitops/gitops.go:112.2,112.29 1 0
github.com/bytemare/doclane/internal/hashutil/hash.go:9.36,12.2 2 4
github.com/bytemare/doclane/internal/lockfile/lockfile.go:50.59,52.16 2 1
github.com/bytemare/doclane/internal/lockfile/lockfile.go:52.16,53.37 1 1
github.com/bytemare/doclane/internal/lockfile/lockfile.go:53.37,55.4 1 1
github.com/bytemare/doclane/internal/lockfile/lockfile.go:56.3,56.23 1 0
github.com/bytemare/doclane/internal/lockfile/lockfile.go:58.2,59.50 2 0
github.com/bytemare/doclane/internal/lockfile/lockfile.go:59.50,61.3 1 0
github.com/bytemare/doclane/internal/lockfile/lockfile.go:62.2,62.23 1 0
github.com/bytemare/doclane/internal/lockfile/lockfile.go:66.44,67.15 1 1
github.com/bytemare/doclane/internal/lockfile/lockfile.go:67.15,69.3 1 0
github.com/bytemare/doclane/internal/lockfile/lockfile.go:70.2,70.21 1 1
github.com/bytemare/doclane/internal/lockfile/lockfile.go:70.21,72.3 1 0
github.com/bytemare/doclane/internal/lockfile/lockfile.go:73.2,74.16 2 1
github.com/bytemare/doclane/internal/lockfile/lockfile.go:74.16,76.3 1 0
github.com/bytemare/doclane/internal/lockfile/lockfile.go:77.2,77.17 1 1
github.com/bytemare/doclane/internal/lockfile/lockfile.go:81.45,83.16 2 0
github.com/bytemare/doclane/internal/lockfile/lockfile.go:83.16,85.3 1 0
github.com/bytemare/doclane/internal/lockfile/lockfile.go:86.2,86.63 1 0
github.com/bytemare/doclane/internal/lockfile/lockfile.go:86.63,88.3 1 0
github.com/bytemare/doclane/internal/lockfile/lockfile.go:89.2,89.40 1 0
github.com/bytemare/doclane/internal/manifest/manifest.go:43.43,46.16 3 0
github.com/bytemare/doclane/internal/manifest/manifest.go:46.16,48.3 1 0
github.com/bytemare/doclane/internal/manifest/manifest.go:49.2,50.63 2 0
github.com/bytemare/doclane/internal/manifest/manifest.go:50.63,52.3 1 0
github.com/bytemare/doclane/internal/manifest/manifest.go:53.2,53.40 1 0
github.com/bytemare/doclane/internal/policy/policy.go:52.42,56.39 4 0
github.com/bytemare/doclane/internal/policy/policy.go:56.39,58.3 1 0
github.com/bytemare/doclane/internal/policy/policy.go:59.2,59.20 1 0
github.com/bytemare/doclane/internal/policy/policy.go:59.20,61.3 1 0
github.com/bytemare/doclane/internal/policy/policy.go:62.2,62.37 1 0
github.com/bytemare/doclane/internal/policy/policy.go:62.37,64.3 1 0
github.com/bytemare/doclane/internal/policy/policy.go:65.2,65.16 1 0
github.com/bytemare/doclane/internal/policy/policy.go:69.35,70.20 1 0
github.com/bytemare/doclane/internal/policy/policy.go:70.20,72.3 1 0
github.com/bytemare/doclane/internal/policy/policy.go:73.2,73.36 1 0
github.com/bytemare/doclane/internal/policy/policy.go:74.38,74.38 0 0
github.com/bytemare/doclane/internal/policy/policy.go:75.10,76.92 1 0
github.com/bytemare/doclane/internal/policy/policy.go:78.2,78.28 1 0
github.com/bytemare/doclane/internal/policy/policy.go:78.28,80.55 2 0
github.com/bytemare/doclane/internal/policy/policy.go:80.55,82.4 1 0
github.com/bytemare/doclane/internal/policy/policy.go:83.3,83.21 1 0
github.com/bytemare/doclane/internal/policy/policy.go:83.21,85.18 2 0
github.com/bytemare/doclane/internal/policy/policy.go:85.18,87.5 1 0
github.com/bytemare/doclane/internal/policy/policy.go:88.4,88.38 1 0
github.com/bytemare/doclane/internal/policy/policy.go:91.2,91.53 1 0
github.com/bytemare/doclane/internal/policy/policy.go:91.53,93.19 2 0
github.com/bytemare/doclane/internal/policy/policy.go:93.19,95.4 1 0
github.com/bytemare/doclane/internal/policy/policy.go:96.3,97.17 2 0
github.com/bytemare/doclane/internal/policy/policy.go:97.17,99.4 1 0
github.com/bytemare/doclane/internal/policy/policy.go:100.3,100.55 1 0
github.com/bytemare/doclane/internal/policy/policy.go:102.2,102.12 1 0
github.com/bytemare/doclane/internal/policy/policy.go:106.107,107.14 1 1
github.com/bytemare/doclane/internal/policy/policy.go:107.14,109.3 1 1
github.com/bytemare/doclane/internal/policy/policy.go:110.2,111.41 2 0
github.com/bytemare/doclane/internal/policy/policy.go:111.41,112.61 1 0
github.com/bytemare/doclane/internal/policy/policy.go:112.61,115.4 2 0
github.com/bytemare/doclane/internal/policy/policy.go:116.3,116.25 1 0
github.com/bytemare/doclane/internal/policy/policy.go:119.2,119.62 1 0
github.com/bytemare/doclane/internal/policy/policy.go:119.62,120.34 1 0
github.com/bytemare/doclane/internal/policy/policy.go:120.34,121.29 1 0
github.com/bytemare/doclane/internal/policy/policy.go:121.29,122.13 1 0
github.com/bytemare/doclane/internal/policy/policy.go:124.4,124.39 1 0
github.com/bytemare/doclane/internal/policy/policy.go:124.39,125.35 1 0
github.com/bytemare/doclane/internal/policy/policy.go:125.35,126.113 1 0
github.com/bytemare/doclane/internal/policy/policy.go:126.113,128.7 1 0
github.com/bytemare/doclane/internal/policy/policy.go:134.2,134.50 1 0
github.com/bytemare/doclane/internal/policy/policy.go:134.50,135.34 1 0
github.com/bytemare/doclane/internal/policy/policy.go:135.34,137.18 2 0
github.com/bytemare/doclane/internal/policy/policy.go:137.18,138.105 1 0
github.com/bytemare/doclane/internal/policy/policy.go:138.105,140.6 1 0
github.com/bytemare/doclane/internal/policy/policy.go:141.5,141.13 1 0
github.com/bytemare/doclane/internal/policy/policy.go:143.4,144.66 2 0
github.com/bytemare/doclane/internal/policy/policy.go:144.66,146.19 2 0
github.com/bytemare/doclane/internal/policy/policy.go:146.19,147.112 1 0
github.com/bytemare/doclane/internal/policy/policy.go:147.112,149.7 1 0
github.com/bytemare/doclane/internal/policy/policy.go:150.6,150.14 1 0
github.com/bytemare/doclane/internal/policy/policy.go:152.5,152.43 1 0
github.com/bytemare/doclane/internal/policy/policy.go:152.43,154.11 2 0
github.com/bytemare/doclane/internal/policy/policy.go:157.4,157.11 1 0
github.com/bytemare/doclane/internal/policy/policy.go:157.11,158.118 1 0
github.com/bytemare/doclane/internal/policy/policy.go:158.118,160.6 1 0
github.com/bytemare/doclane/internal/policy/policy.go:165.2,165.50 1 0
github.com/bytemare/doclane/internal/policy/policy.go:165.50,167.59 2 0
github.com/bytemare/doclane/internal/policy/policy.go:167.59,168.47 1 0
github.com/bytemare/doclane/internal/policy/policy.go:168.47,170.10 2 0
github.com/bytemare/doclane/internal/policy/policy.go:173.3,173.15 1 0
github.com/bytemare/doclane/internal/policy/policy.go:173.15,174.106 1 0
github.com/bytemare/doclane/internal/policy/policy.go:174.106,176.5 1 0
github.com/bytemare/doclane/internal/policy/policy.go:180.2,180.49 1 0
github.com/bytemare/doclane/internal/policy/policy.go:180.49,181.82 1 0
github.com/bytemare/doclane/internal/policy/policy.go:181.82,183.4 1 0
github.com/bytemare/doclane/internal/policy/policy.go:185.2,185.62 1 0
github.com/bytemare/doclane/internal/policy/policy.go:185.62,186.90 1 0
github.com/bytemare/doclane/internal/policy/policy.go:186.90,188.4 1 0
github.com/bytemare/doclane/internal/policy/policy.go:191.2,191.33 1 0
github.com/bytemare/doclane/internal/policy/policy.go:191.33,192.33 1 0
github.com/bytemare/doclane/internal/policy/policy.go:192.33,193.12 1 0
github.com/bytemare/doclane/internal/policy/policy.go:195.3,196.15 2 0
github.com/bytemare/doclane/internal/policy/policy.go:196.15,198.4 1 0
github.com/bytemare/doclane/internal/policy/policy.go:199.3,199.89 1 0
github.com/bytemare/doclane/internal/policy/policy.go:199.89,201.4 1 0
github.com/bytemare/doclane/internal/policy/policy.go:204.2,204.22 1 0
github.com/bytemare/doclane/internal/policy/policy.go:207.48,208.22 1 0
github.com/bytemare/doclane/internal/policy/policy.go:208.22,210.3 1 0
github.com/bytemare/doclane/internal/policy/policy.go:211.2,211.69 1 0
github.com/bytemare/doclane/internal/policy/policy.go:214.69,215.28 1 0
github.com/bytemare/doclane/internal/policy/policy.go:215.28,216.19 1 0
github.com/bytemare/doclane/internal/policy/policy.go:216.19,217.22 1 0
github.com/bytemare/doclane/internal/policy/policy.go:217.22,218.51 1 0
github.com/bytemare/doclane/internal/policy/policy.go:218.51,219.14 1 0
github.com/bytemare/doclane/internal/policy/policy.go:221.5,221.51 1 0
github.com/bytemare/doclane/internal/policy/policy.go:221.51,222.14 1 0
github.com/bytemare/doclane/internal/policy/policy.go:224.5,224.16 1 0
github.com/bytemare/doclane/internal/policy/policy.go:226.4,226.12 1 0
github.com/bytemare/doclane/internal/policy/policy.go:228.3,228.55 1 0
github.com/bytemare/doclane/internal/policy/policy.go:228.55,230.4 1 0
github.com/bytemare/doclane/internal/policy/policy.go:232.2,232.14 1 0
github.com/bytemare/doclane/internal/selector/selector.go:34.42,36.15 2 2
github.com/bytemare/doclane/internal/selector/selector.go:36.15,38.3 1 0
github.com/bytemare/doclane/internal/selector/selector.go:39.2,39.21 1 2
github.com/bytemare/doclane/internal/selector/selector.go:39.21,41.3 1 0
github.com/bytemare/doclane/internal/selector/selector.go:43.2,44.24 2 2
github.com/bytemare/doclane/internal/selector/selector.go:44.24,46.3 1 0
github.com/bytemare/doclane/internal/selector/selector.go:47.2,47.22 1 2
github.com/bytemare/doclane/internal/selector/selector.go:48.18,49.65 1 0
github.com/bytemare/doclane/internal/selector/selector.go:50.15,51.62 1 0
github.com/bytemare/doclane/internal/selector/selector.go:52.18,53.38 1 2
github.com/bytemare/doclane/internal/selector/selector.go:53.38,55.4 1 0
github.com/bytemare/doclane/internal/selector/selector.go:56.3,56.82 1 2
github.com/bytemare/doclane/internal/selector/selector.go:57.10,58.72 1 0
github.com/bytemare/doclane/internal/selector/selector.go:63.35,64.26 1 0
github.com/bytemare/doclane/internal/selector/selector.go:64.26,66.3 1 0
github.com/bytemare/doclane/internal/selector/selector.go:67.2,67.46 1 0
github.com/bytemare/doclane/internal/selector/selector.go:71.62,73.19 2 0
github.com/bytemare/doclane/internal/selector/selector.go:73.19,75.3 1 0
github.com/bytemare/doclane/internal/selector/selector.go:76.2,76.25 1 0
github.com/bytemare/doclane/internal/selector/selector.go:76.25,78.3 1 0
github.com/bytemare/doclane/internal/selector/selector.go:79.2,79.27 1 0
github.com/bytemare/doclane/internal/selector/selector.go:79.27,81.3 1 0
github.com/bytemare/doclane/internal/selector/selector.go:82.2,82.24 1 0
github.com/bytemare/doclane/internal/selector/selector.go:82.24,84.3 1 0
github.com/bytemare/doclane/internal/selector/selector.go:85.2,85.27 1 0
github.com/bytemare/doclane/internal/selector/selector.go:85.27,87.3 1 0
github.com/bytemare/doclane/internal/selector/selector.go:88.2,88.32 1 0
github.com/bytemare/doclane/internal/syncer/path_helpers.go:14.60,15.25 1 1
github.com/bytemare/doclane/internal/syncer/path_helpers.go:15.25,17.3 1 1
github.com/bytemare/doclane/internal/syncer/path_helpers.go:18.2,18.32 1 0
github.com/bytemare/doclane/internal/syncer/path_helpers.go:18.32,20.17 2 0
github.com/bytemare/doclane/internal/syncer/path_helpers.go:20.17,22.4 1 0
github.com/bytemare/doclane/internal/syncer/path_helpers.go:23.3,23.9 1 0
github.com/bytemare/doclane/internal/syncer/path_helpers.go:23.9,25.4 1 0
github.com/bytemare/doclane/internal/syncer/path_helpers.go:27.2,27.63 1 0
github.com/bytemare/doclane/internal/syncer/path_helpers.go:31.61,34.2 2 4
github.com/bytemare/doclane/internal/syncer/path_helpers.go:37.76,39.16 2 11
github.com/bytemare/doclane/internal/syncer/path_helpers.go:39.16,41.3 1 4
github.com/bytemare/doclane/internal/syncer/path_helpers.go:42.2,44.16 3 7
github.com/bytemare/doclane/internal/syncer/path_helpers.go:44.16,46.3 1 0
github.com/bytemare/doclane/internal/syncer/path_helpers.go:47.2,47.76 1 7
github.com/bytemare/doclane/internal/syncer/path_helpers.go:47.76,49.3 1 0
github.com/bytemare/doclane/internal/syncer/path_helpers.go:50.2,50.27 1 7
github.com/bytemare/doclane/internal/syncer/policy_helpers.go:17.173,20.16 3 1
github.com/bytemare/doclane/internal/syncer/policy_helpers.go:20.16,21.44 1 1
github.com/bytemare/doclane/internal/syncer/policy_helpers.go:21.44,23.33 2 1
github.com/bytemare/doclane/internal/syncer/policy_helpers.go:23.33,26.5 2 1
github.com/bytemare/doclane/internal/syncer/policy_helpers.go:27.4,27.46 1 0
github.com/bytemare/doclane/internal/syncer/policy_helpers.go:29.3,29.70 1 0
github.com/bytemare/doclane/internal/syncer/policy_helpers.go:31.2,32.16 2 0
github.com/bytemare/doclane/internal/syncer/policy_helpers.go:32.16,33.32 1 0
github.com/bytemare/doclane/internal/syncer/policy_helpers.go:33.32,41.4 2 0
github.com/bytemare/doclane/internal/syncer/policy_helpers.go:42.3,42.70 1 0
github.com/bytemare/doclane/internal/syncer/policy_helpers.go:44.2,49.21 1 0
github.com/bytemare/doclane/internal/syncer/policy_helpers.go:53.92,54.34 1 1
github.com/bytemare/doclane/internal/syncer/policy_helpers.go:54.34,56.3 1 1
github.com/bytemare/doclane/internal/syncer/policy_helpers.go:57.2,57.34 1 0
github.com/bytemare/doclane/internal/syncer/policy_helpers.go:57.34,59.3 1 0
github.com/bytemare/doclane/internal/syncer/policy_helpers.go:60.2,60.60 1 0
github.com/bytemare/doclane/internal/syncer/policy_helpers.go:60.60,62.3 1 0
github.com/bytemare/doclane/internal/syncer/policy_helpers.go:63.2,63.14 1 0
github.com/bytemare/doclane/internal/syncer/pr.go:16.167,18.41 2 0
github.com/bytemare/doclane/internal/syncer/pr.go:18.41,20.3 1 0
github.com/bytemare/doclane/internal/syncer/pr.go:21.2,21.73 1 0
github.com/bytemare/doclane/internal/syncer/pr.go:21.73,23.3 1 0
github.com/bytemare/doclane/internal/syncer/pr.go:25.2,26.16 2 0
github.com/bytemare/doclane/internal/syncer/pr.go:26.16,28.3 1 0
github.com/bytemare/doclane/internal/syncer/pr.go:29.2,29.16 1 0
github.com/bytemare/doclane/internal/syncer/pr.go:29.16,31.17 2 0
github.com/bytemare/doclane/internal/syncer/pr.go:31.17,33.4 1 0
github.com/bytemare/doclane/internal/syncer/pr.go:34.3,34.41 1 0
github.com/bytemare/doclane/internal/syncer/pr.go:34.41,36.4 1 0
github.com/bytemare/doclane/internal/syncer/pr.go:38.2,38.34 1 0
github.com/bytemare/doclane/internal/syncer/pr.go:38.34,40.3 1 0
github.com/bytemare/doclane/internal/syncer/pr.go:42.2,44.24 3 0
github.com/bytemare/doclane/internal/syncer/pr.go:44.24,46.3 1 0
github.com/bytemare/doclane/internal/syncer/pr.go:47.2,49.51 2 0
github.com/bytemare/doclane/internal/syncer/pr.go:49.51,51.3 1 0
github.com/bytemare/doclane/internal/syncer/pr.go:53.2,54.26 2 0
github.com/bytemare/doclane/internal/syncer/pr.go:54.26,55.16 1 0
github.com/bytemare/doclane/internal/syncer/pr.go:55.16,57.4 1 0
github.com/bytemare/doclane/internal/syncer/pr.go:59.2,59.45 1 0
github.com/bytemare/doclane/internal/syncer/pr.go:59.45,61.3 1 0
github.com/bytemare/doclane/internal/syncer/pr.go:63.2,64.83 2 0
github.com/bytemare/doclane/internal/syncer/pr.go:64.83,66.3 1 0
github.com/bytemare/doclane/internal/syncer/pr.go:67.2,67.52 1 0
github.com/bytemare/doclane/internal/syncer/pr.go:67.52,69.3 1 0
github.com/bytemare/doclane/internal/syncer/pr.go:71.2,72.24 2 0
github.com/bytemare/doclane/internal/syncer/pr.go:72.24,75.17 3 0
github.com/bytemare/doclane/internal/syncer/pr.go:75.17,77.4 1 0
github.com/bytemare/doclane/internal/syncer/pr.go:80.2,89.16 5 0
github.com/bytemare/doclane/internal/syncer/pr.go:89.16,91.3 1 0
github.com/bytemare/doclane/internal/syncer/pr.go:92.2,92.20 1 0
github.com/bytemare/doclane/internal/syncer/pr.go:96.96,103.35 7 0
github.com/bytemare/doclane/internal/syncer/pr.go:103.35,105.3 1 0
github.com/bytemare/doclane/internal/syncer/pr.go:106.2,106.37 1 0
github.com/bytemare/doclane/internal/syncer/pr.go:106.37,108.44 2 0
github.com/bytemare/doclane/internal/syncer/pr.go:108.44,110.4 1 0
github.com/bytemare/doclane/internal/syncer/pr.go:111.3,111.19 1 0
github.com/bytemare/doclane/internal/syncer/pr.go:113.2,116.26 4 0
github.com/bytemare/doclane/internal/syncer/pr.go:116.26,118.3 1 0
github.com/bytemare/doclane/internal/syncer/pr.go:119.2,119.19 1 0
github.com/bytemare/doclane/internal/syncer/pr.go:122.33,123.18 1 0
github.com/bytemare/doclane/internal/syncer/pr.go:123.18,125.3 1 0
github.com/bytemare/doclane/internal/syncer/pr.go:126.2,126.15 1 0
github.com/bytemare/doclane/internal/syncer/run_helpers.go:37.39,41.33 3 2
github.com/bytemare/doclane/internal/syncer/run_helpers.go:41.33,43.17 2 2
github.com/bytemare/doclane/internal/syncer/run_helpers.go:43.17,45.4 1 0
github.com/bytemare/doclane/internal/syncer/run_helpers.go:47.3,48.28 2 2
github.com/bytemare/doclane/internal/syncer/run_helpers.go:48.28,50.18 2 0
github.com/bytemare/doclane/internal/syncer/run_helpers.go:50.18,52.5 1 0
github.com/bytemare/doclane/internal/syncer/run_helpers.go:53.4,53.38 1 0
github.com/bytemare/doclane/internal/syncer/run_helpers.go:56.3,57.17 2 2
github.com/bytemare/doclane/internal/syncer/run_helpers.go:57.17,59.4 1 0
github.com/bytemare/doclane/internal/syncer/run_helpers.go:61.3,63.17 3 2
github.com/bytemare/doclane/internal/syncer/run_helpers.go:63.17,64.38 1 2
github.com/bytemare/doclane/internal/syncer/run_helpers.go:64.38,67.5 2 2
github.com/bytemare/doclane/internal/syncer/run_helpers.go:67.10,69.5 1 0
github.com/bytemare/doclane/internal/syncer/run_helpers.go:72.3,92.5 5 2
github.com/bytemare/doclane/internal/syncer/run_helpers.go:95.2,95.29 1 2
github.com/bytemare/doclane/internal/syncer/run_helpers.go:99.144,111.37 2 1
github.com/bytemare/doclane/internal/syncer/run_helpers.go:111.37,114.3 2 0
github.com/bytemare/doclane/internal/syncer/run_helpers.go:115.2,115.21 1 1
github.com/bytemare/doclane/internal/syncer/run_helpers.go:115.21,117.3 1 1
github.com/bytemare/doclane/internal/syncer/run_helpers.go:118.2,118.28 1 1
github.com/bytemare/doclane/internal/syncer/run_helpers.go:118.28,127.3 1 1
github.com/bytemare/doclane/internal/syncer/run_helpers.go:128.2,128.11 1 1
github.com/bytemare/doclane/internal/syncer/run_helpers.go:132.160,141.21 2 1
github.com/bytemare/doclane/internal/syncer/run_helpers.go:141.21,148.3 1 1
github.com/bytemare/doclane/internal/syncer/run_helpers.go:149.2,149.26 1 1
github.com/bytemare/doclane/internal/syncer/run_helpers.go:149.26,159.3 1 1
github.com/bytemare/doclane/internal/syncer/run_helpers.go:160.2,160.10 1 1
github.com/bytemare/doclane/internal/syncer/run_helpers.go:164.50,165.28 1 0
github.com/bytemare/doclane/internal/syncer/run_helpers.go:165.28,166.18 1 0
github.com/bytemare/doclane/internal/syncer/run_helpers.go:166.18,167.12 1 0
github.com/bytemare/doclane/internal/syncer/run_helpers.go:169.3,169.73 1 0
github.com/bytemare/doclane/internal/syncer/run_helpers.go:169.73,171.4 1 0
github.com/bytemare/doclane/internal/syncer/run_helpers.go:172.3,172.73 1 0
github.com/bytemare/doclane/internal/syncer/run_helpers.go:172.73,174.4 1 0
github.com/bytemare/doclane/internal/syncer/run_helpers.go:176.2,176.12 1 0
github.com/bytemare/doclane/internal/syncer/syncer.go:71.55,73.2 1 0
github.com/bytemare/doclane/internal/syncer/syncer.go:76.35,77.24 1 2
github.com/bytemare/doclane/internal/syncer/syncer.go:77.24,79.3 1 0
github.com/bytemare/doclane/internal/syncer/syncer.go:80.2,80.26 1 2
github.com/bytemare/doclane/internal/syncer/syncer.go:80.26,82.3 1 0
github.com/bytemare/doclane/internal/syncer/syncer.go:83.2,83.26 1 2
github.com/bytemare/doclane/internal/syncer/syncer.go:83.26,85.3 1 0
github.com/bytemare/doclane/internal/syncer/syncer.go:86.2,86.44 1 2
github.com/bytemare/doclane/internal/syncer/syncer.go:86.44,88.3 1 0
github.com/bytemare/doclane/internal/syncer/syncer.go:89.2,89.12 1 2
github.com/bytemare/doclane/internal/syncer/syncer.go:93.50,96.2 2 0
github.com/bytemare/doclane/internal/syncer/syncer.go:99.61,100.40 1 2
github.com/bytemare/doclane/internal/syncer/syncer.go:100.40,102.3 1 0
github.com/bytemare/doclane/internal/syncer/syncer.go:104.2,105.38 2 2
github.com/bytemare/doclane/internal/syncer/syncer.go:105.38,107.3 1 0
github.com/bytemare/doclane/internal/syncer/syncer.go:108.2,111.16 3 2
github.com/bytemare/doclane/internal/syncer/syncer.go:111.16,113.3 1 1
github.com/bytemare/doclane/internal/syncer/syncer.go:114.2,115.16 2 1
github.com/bytemare/doclane/internal/syncer/syncer.go:115.16,117.3 1 0
github.com/bytemare/doclane/internal/syncer/syncer.go:118.2,119.16 2 1
github.com/bytemare/doclane/internal/syncer/syncer.go:119.16,121.3 1 0
github.com/bytemare/doclane/internal/syncer/syncer.go:122.2,127.16 5 1
github.com/bytemare/doclane/internal/syncer/syncer.go:127.16,129.3 1 0
github.com/bytemare/doclane/internal/syncer/syncer.go:131.2,132.16 2 1
github.com/bytemare/doclane/internal/syncer/syncer.go:132.16,134.3 1 0
github.com/bytemare/doclane/internal/syncer/syncer.go:136.2,136.64 1 1
github.com/bytemare/doclane/internal/syncer/syncer.go:136.64,138.3 1 0
github.com/bytemare/doclane/internal/syncer/syncer.go:140.2,140.82 1 1
github.com/bytemare/doclane/internal/syncer/syncer.go:140.82,142.3 1 0
github.com/bytemare/doclane/internal/syncer/syncer.go:144.2,146.16 3 1
github.com/bytemare/doclane/internal/syncer/syncer.go:146.16,148.3 1 0
github.com/bytemare/doclane/internal/syncer/syncer.go:150.2,155.16 3 1
github.com/bytemare/doclane/internal/syncer/syncer.go:155.16,157.3 1 0
github.com/bytemare/doclane/internal/syncer/syncer.go:159.2,160.16 2 1
github.com/bytemare/doclane/internal/syncer/syncer.go:160.16,162.3 1 0
github.com/bytemare/doclane/internal/syncer/syncer.go:163.2,170.16 3 1
github.com/bytemare/doclane/internal/syncer/syncer.go:170.16,172.3 1 0
github.com/bytemare/doclane/internal/syncer/syncer.go:173.2,175.72 2 1
github.com/bytemare/doclane/internal/syncer/syncer.go:175.72,177.3 1 0
github.com/bytemare/doclane/internal/syncer/syncer.go:179.2,180.16 2 1
github.com/bytemare/doclane/internal/syncer/syncer.go:180.16,182.3 1 0
github.com/bytemare/doclane/internal/syncer/syncer.go:183.2,187.16 4 1
github.com/bytemare/doclane/internal/syncer/syncer.go:187.16,189.3 1 0
github.com/bytemare/doclane/internal/syncer/syncer.go:191.2,197.17 5 1
github.com/bytemare/doclane/internal/syncer/syncer.go:197.17,199.3 1 1
github.com/bytemare/doclane/internal/syncer/syncer.go:201.2,201.49 1 0
github.com/bytemare/doclane/internal/syncer/syncer.go:201.49,203.3 1 0
github.com/bytemare/doclane/internal/syncer/syncer.go:204.2,204.17 1 0
github.com/bytemare/doclane/internal/syncer/syncer.go:204.17,205.59 1 0
github.com/bytemare/doclane/internal/syncer/syncer.go:205.59,207.4 1 0
github.com/bytemare/doclane/internal/syncer/syncer.go:209.2,209.67 1 0
github.com/bytemare/doclane/internal/syncer/syncer.go:209.67,211.3 1 0
github.com/bytemare/doclane/internal/syncer/syncer.go:213.2,213.17 1 0
github.com/bytemare/doclane/internal/syncer/syncer.go:213.17,215.3 1 0
github.com/bytemare/doclane/internal/syncer/syncer.go:217.2,217.19 1 0
github.com/bytemare/doclane/internal/syncer/syncer.go:217.19,219.17 2 0
github.com/bytemare/doclane/internal/syncer/syncer.go:219.17,221.4 1 0
github.com/bytemare/doclane/internal/syncer/syncer.go:222.3,222.23 1 0
github.com/bytemare/doclane/internal/syncer/syncer.go:225.2,225.20 1 0
github.com/bytemare/doclane/internal/syncer/syncer.go:228.89,236.37 2 1
github.com/bytemare/doclane/internal/syncer/syncer.go:236.37,239.3 2 0
github.com/bytemare/doclane/internal/syncer/syncer.go:240.2,240.12 1 1
github.com/bytemare/doclane/internal/syncer/syncer.go:243.130,244.39 1 1
github.com/bytemare/doclane/internal/syncer/syncer.go:244.39,246.3 1 1
github.com/bytemare/doclane/internal/syncer/syncer.go:247.2,247.37 1 0
github.com/bytemare/doclane/internal/syncer/syncer.go:247.37,249.3 1 0
github.com/bytemare/doclane/internal/syncer/syncer.go:250.2,250.40 1 0
github.com/bytemare/doclane/internal/syncer/syncer.go:250.40,252.3 1 0
github.com/bytemare/doclane/internal/syncer/syncer.go:253.2,253.12 1 0
github.com/bytemare/doclane/internal/syncer/syncer.go:256.46,257.26 1 1
github.com/bytemare/doclane/internal/syncer/syncer.go:257.26,258.16 1 1
github.com/bytemare/doclane/internal/syncer/syncer.go:258.16,260.4 1 1
github.com/bytemare/doclane/internal/syncer/syncer.go:262.2,262.14 1 0
github.com/bytemare/doclane/internal/syncer/syncer.go:265.39,267.2 1 1
github.com/bytemare/doclane/internal/templatex/template.go:21.80,22.24 1 0
github.com/bytemare/doclane/internal/templatex/template.go:22.24,24.3 1 0
github.com/bytemare/doclane/internal/templatex/template.go:25.2,29.76 4 0
github.com/bytemare/doclane/internal/templatex/template.go:29.76,31.18 2 0
github.com/bytemare/doclane/internal/templatex/template.go:31.18,33.4 1 0
github.com/bytemare/doclane/internal/templatex/template.go:34.3,36.10 3 0
github.com/bytemare/doclane/internal/templatex/template.go:36.10,39.4 2 0
github.com/bytemare/doclane/internal/templatex/template.go:40.3,41.13 2 0
github.com/bytemare/doclane/internal/templatex/template.go:44.2,44.32 1 0
github.com/bytemare/doclane/internal/templatex/template.go:44.32,47.3 2 0
github.com/bytemare/doclane/internal/templatex/template.go:49.2,49.12 1 0
github.com/bytemare/doclane/internal/templatex/template.go:49.12,51.23 2 0
github.com/bytemare/doclane/internal/templatex/template.go:51.23,52.29 1 0
github.com/bytemare/doclane/internal/templatex/template.go:52.29,54.5 1 0
github.com/bytemare/doclane/internal/templatex/template.go:56.3,56.22 1 0
github.com/bytemare/doclane/internal/templatex/template.go:56.22,59.4 2 0
github.com/bytemare/doclane/internal/templatex/template.go:62.2,63.22 2 0
github.com/bytemare/doclane/internal/templatex/template.go:63.22,65.3 1 0
github.com/bytemare/doclane/internal/templatex/template.go:66.2,71.8 2 0
github.com/bytemare/doclane/internal/templatex/template.go:74.42,76.23 2 0
github.com/bytemare/doclane/internal/templatex/template.go:76.23,78.3 1 0
github.com/bytemare/doclane/internal/templatex/template.go:79.2,80.21 2 0
github.com/bytemare/doclane/internal/templatex/template.go:80.21,82.3 1 0
github.com/bytemare/doclane/internal/templatex/template.go:83.2,84.12 2 0
github.com/bytemare/doclane/cmd/doclane/main.go:9.13,11.2 1 0
github.com/bytemare/doclane/internal/cli/cli.go:15.29,16.20 1 0
github.com/bytemare/doclane/internal/cli/cli.go:16.20,19.3 2 0
github.com/bytemare/doclane/internal/cli/cli.go:21.2,21.17 1 0
github.com/bytemare/doclane/internal/cli/cli.go:22.14,23.27 1 0
github.com/bytemare/doclane/internal/cli/cli.go:24.18,25.31 1 0
github.com/bytemare/doclane/internal/cli/cli.go:26.36,28.11 2 0
github.com/bytemare/doclane/internal/cli/cli.go:29.10,31.11 2 0
github.com/bytemare/doclane/internal/cli/cli.go:35.23,37.2 1 0
github.com/bytemare/doclane/internal/cli/cli.go:39.37,44.39 4 0
github.com/bytemare/doclane/internal/cli/cli.go:44.39,46.3 1 0
github.com/bytemare/doclane/internal/cli/cli.go:48.2,48.63 1 0
github.com/bytemare/doclane/internal/cli/cli.go:48.63,51.3 2 0
github.com/bytemare/doclane/internal/cli/cli.go:53.2,54.10 2 0
github.com/bytemare/doclane/internal/cli/cli.go:57.33,79.39 20 0
github.com/bytemare/doclane/internal/cli/cli.go:79.39,81.3 1 0
github.com/bytemare/doclane/internal/cli/cli.go:83.2,83.22 1 0
github.com/bytemare/doclane/internal/cli/cli.go:83.22,84.55 1 0
github.com/bytemare/doclane/internal/cli/cli.go:84.55,86.18 2 0
github.com/bytemare/doclane/internal/cli/cli.go:86.18,88.5 1 0
github.com/bytemare/doclane/internal/cli/cli.go:92.2,92.40 1 0
github.com/bytemare/doclane/internal/cli/cli.go:92.40,95.3 2 0
github.com/bytemare/doclane/internal/cli/cli.go:97.2,98.16 2 0
github.com/bytemare/doclane/internal/cli/cli.go:98.16,101.3 2 0
github.com/bytemare/doclane/internal/cli/cli.go:103.2,103.36 1 0
github.com/bytemare/doclane/internal/cli/cli.go:103.36,105.3 1 0
github.com/bytemare/doclane/internal/cli/cli.go:106.2,107.17 2 0
github.com/bytemare/doclane/internal/cli/cli.go:107.17,110.3 2 0
github.com/bytemare/doclane/internal/cli/cli.go:111.2,112.24 2 0
github.com/bytemare/doclane/internal/cli/cli.go:112.24,114.3 1 0
github.com/bytemare/doclane/internal/cli/cli.go:115.2,115.10 1 0
github.com/bytemare/doclane/internal/cli/cli.go:118.47,120.22 2 0
github.com/bytemare/doclane/internal/cli/cli.go:120.22,122.3 1 0
github.com/bytemare/doclane/internal/cli/cli.go:123.2,125.16 3 0
github.com/bytemare/doclane/internal/cli/cli.go:125.16,128.3 2 0
github.com/bytemare/doclane/internal/cli/cli.go:129.2,129.15 1 0
github.com/bytemare/doclane/internal/cli/cli.go:129.15,130.37 1 0
github.com/bytemare/doclane/internal/cli/cli.go:130.37,132.4 1 0
github.com/bytemare/doclane/internal/cli/cli.go:135.2,135.68 1 0
github.com/bytemare/doclane/internal/cli/cli.go:135.68,138.3 2 0
github.com/bytemare/doclane/internal/cli/cli.go:139.2,139.37 1 0
github.com/bytemare/doclane/internal/cli/cli.go:139.37,140.91 1 0
github.com/bytemare/doclane/internal/cli/cli.go:140.91,143.4 2 0
github.com/bytemare/doclane/internal/cli/cli.go:145.2,145.24 1 0
github.com/bytemare/doclane/internal/cli/cli.go:145.24,146.72 1 0
github.com/bytemare/doclane/internal/cli/cli.go:146.72,149.4 2 0
github.com/bytemare/doclane/internal/config/config.go:60.49,62.16 2 0
github.com/bytemare/doclane/internal/config/config.go:62.16,64.3 1 0
github.com/bytemare/doclane/internal/config/config.go:65.2,68.41 4 0
github.com/bytemare/doclane/internal/config/config.go:68.41,70.3 1 0
github.com/bytemare/doclane/internal/config/config.go:71.2,72.39 2 0
github.com/bytemare/doclane/internal/config/config.go:72.39,74.3 1 0
github.com/bytemare/doclane/internal/config/config.go:75.2,75.24 1 0
github.com/bytemare/doclane/internal/config/config.go:78.34,79.20 1 0
github.com/bytemare/doclane/internal/config/config.go:79.20,81.3 1 0
github.com/bytemare/doclane/internal/config/config.go:82.2,82.25 1 0
github.com/bytemare/doclane/internal/config/config.go:82.25,84.3 1 0
github.com/bytemare/doclane/internal/config/config.go:85.2,85.25 1 0
github.com/bytemare/doclane/internal/config/config.go:85.25,87.3 1 0
github.com/bytemare/doclane/internal/config/config.go:91.35,92.20 1 0
github.com/bytemare/doclane/internal/config/config.go:92.20,94.3 1 0
github.com/bytemare/doclane/internal/config/config.go:95.2,95.25 1 0
github.com/bytemare/doclane/internal/config/config.go:95.25,97.3 1 0
github.com/bytemare/doclane/internal/config/config.go:98.2,98.44 1 0
github.com/bytemare/doclane/internal/config/config.go:98.44,100.3 1 0
github.com/bytemare/doclane/internal/config/config.go:101.2,101.29 1 0
github.com/bytemare/doclane/internal/config/config.go:101.29,103.3 1 0
github.com/bytemare/doclane/internal/config/config.go:104.2,104.61 1 0
github.com/bytemare/doclane/internal/config/config.go:104.61,106.3 1 0
github.com/bytemare/doclane/internal/config/config.go:107.2,107.60 1 0
github.com/bytemare/doclane/internal/config/config.go:107.60,109.3 1 0
github.com/bytemare/doclane/internal/config/config.go:110.2,110.23 1 0
github.com/bytemare/doclane/internal/config/config.go:111.25,111.25 0 0
github.com/bytemare/doclane/internal/config/config.go:112.10,113.82 1 0
github.com/bytemare/doclane/internal/config/config.go:115.2,115.25 1 0
github.com/bytemare/doclane/internal/config/config.go:115.25,117.3 1 0
github.com/bytemare/doclane/internal/config/config.go:118.2,119.16 2 0
github.com/bytemare/doclane/internal/config/config.go:119.16,121.3 1 0
github.com/bytemare/doclane/internal/config/config.go:122.2,123.22 2 0
github.com/bytemare/doclane/internal/config/config.go:123.22,125.3 1 0
github.com/bytemare/doclane/internal/config/config.go:127.2,129.24 3 0
github.com/bytemare/doclane/internal/config/config.go:129.24,131.21 2 0
github.com/bytemare/doclane/internal/config/config.go:131.21,133.4 1 0
github.com/bytemare/doclane/internal/config/config.go:134.3,134.33 1 0
github.com/bytemare/doclane/internal/config/config.go:134.33,136.4 1 0
github.com/bytemare/doclane/internal/config/config.go:137.3,138.44 2 0
github.com/bytemare/doclane/internal/config/config.go:138.44,140.4 1 0
github.com/bytemare/doclane/internal/config/config.go:141.3,141.44 1 0
github.com/bytemare/doclane/internal/config/config.go:141.44,143.4 1 0
github.com/bytemare/doclane/internal/config/config.go:144.3,145.17 2 0
github.com/bytemare/doclane/internal/config/config.go:145.17,147.4 1 0
github.com/bytemare/doclane/internal/config/config.go:148.3,149.43 2 0
github.com/bytemare/doclane/internal/config/config.go:149.43,151.4 1 0
github.com/bytemare/doclane/internal/config/config.go:152.3,153.58 2 0
github.com/bytemare/doclane/internal/config/config.go:153.58,155.4 1 0
github.com/bytemare/doclane/internal/config/config.go:157.2,157.12 1 0
github.com/bytemare/doclane/internal/config/config.go:161.58,162.23 1 0
github.com/bytemare/doclane/internal/config/config.go:162.23,164.3 1 0
github.com/bytemare/doclane/internal/config/config.go:165.2,166.18 2 0
github.com/bytemare/doclane/internal/config/config.go:166.18,168.3 1 0
github.com/bytemare/doclane/internal/config/config.go:169.2,169.80 1 0
github.com/bytemare/doclane/internal/config/config.go:169.80,171.3 1 0
github.com/bytemare/doclane/internal/config/config.go:172.2,172.19 1 0
github.com/bytemare/doclane/internal/githubapi/client.go:61.32,63.2 1 0
github.com/bytemare/doclane/internal/githubapi/client.go:67.87,68.23 1 3
github.com/bytemare/doclane/internal/githubapi/client.go:68.23,70.3 1 0
github.com/bytemare/doclane/internal/githubapi/client.go:71.2,71.38 1 3
github.com/bytemare/doclane/internal/githubapi/client.go:71.38,73.3 1 0
github.com/bytemare/doclane/internal/githubapi/client.go:74.2,78.3 1 3
github.com/bytemare/doclane/internal/githubapi/client.go:82.112,83.18 1 1
github.com/bytemare/doclane/internal/githubapi/client.go:84.27,86.17 2 1
github.com/bytemare/doclane/internal/githubapi/client.go:86.17,88.4 1 0
github.com/bytemare/doclane/internal/githubapi/client.go:89.3,90.17 2 1
github.com/bytemare/doclane/internal/githubapi/client.go:90.17,92.4 1 0
github.com/bytemare/doclane/internal/githubapi/client.go:93.3,95.23 3 1
github.com/bytemare/doclane/internal/githubapi/client.go:96.27,98.17 2 0
github.com/bytemare/doclane/internal/githubapi/client.go:98.17,100.4 1 0
github.com/bytemare/doclane/internal/githubapi/client.go:101.3,103.23 3 0
github.com/bytemare/doclane/internal/githubapi/client.go:104.24,106.17 2 0
github.com/bytemare/doclane/internal/githubapi/client.go:106.17,108.4 1 0
github.com/bytemare/doclane/internal/githubapi/client.go:109.3,111.23 3 0
github.com/bytemare/doclane/internal/githubapi/client.go:112.27,114.17 2 0
github.com/bytemare/doclane/internal/githubapi/client.go:114.17,116.4 1 0
github.com/bytemare/doclane/internal/githubapi/client.go:117.3,122.9 1 0
github.com/bytemare/doclane/internal/githubapi/client.go:123.10,124.77 1 0
github.com/bytemare/doclane/internal/githubapi/client.go:129.85,133.77 2 1
github.com/bytemare/doclane/internal/githubapi/client.go:133.77,135.3 1 0
github.com/bytemare/doclane/internal/githubapi/client.go:136.2,136.29 1 1
github.com/bytemare/doclane/internal/githubapi/client.go:136.29,138.3 1 0
github.com/bytemare/doclane/internal/githubapi/client.go:139.2,139.31 1 1
github.com/bytemare/doclane/internal/githubapi/client.go:143.93,151.49 4 1
github.com/bytemare/doclane/internal/githubapi/client.go:151.49,153.3 1 0
github.com/bytemare/doclane/internal/githubapi/client.go:154.2,154.24 1 1
github.com/bytemare/doclane/internal/githubapi/client.go:154.24,156.3 1 0
github.com/bytemare/doclane/internal/githubapi/client.go:157.2,157.30 1 1
github.com/bytemare/doclane/internal/githubapi/client.go:157.30,159.3 1 0
github.com/bytemare/doclane/internal/githubapi/client.go:160.2,161.16 2 1
github.com/bytemare/doclane/internal/githubapi/client.go:161.16,163.3 1 0
github.com/bytemare/doclane/internal/githubapi/client.go:164.2,164.21 1 1
github.com/bytemare/doclane/internal/githubapi/client.go:168.120,170.16 2 1
github.com/bytemare/doclane/internal/githubapi/client.go:170.16,172.3 1 0
github.com/bytemare/doclane/internal/githubapi/client.go:173.2,175.16 3 1
github.com/bytemare/doclane/internal/githubapi/client.go:175.16,177.3 1 0
github.com/bytemare/doclane/internal/githubapi/client.go:178.2,178.32 1 1
github.com/bytemare/doclane/internal/githubapi/client.go:178.32,180.3 1 0
github.com/bytemare/doclane/internal/githubapi/client.go:181.2,182.17 2 1
github.com/bytemare/doclane/internal/githubapi/client.go:182.17,184.3 1 0
github.com/bytemare/doclane/internal/githubapi/client.go:185.2,186.17 2 1
github.com/bytemare/doclane/internal/githubapi/client.go:186.17,188.3 1 0
github.com/bytemare/doclane/internal/githubapi/client.go:189.2,189.23 1 1
github.com/bytemare/doclane/internal/githubapi/client.go:189.23,191.3 1 0
github.com/bytemare/doclane/internal/githubapi/client.go:192.2,192.25 1 1
github.com/bytemare/doclane/internal/githubapi/client.go:192.25,194.3 1 0
github.com/bytemare/doclane/internal/githubapi/client.go:195.2,195.25 1 1
github.com/bytemare/doclane/internal/githubapi/client.go:195.25,197.3 1 0
github.com/bytemare/doclane/internal/githubapi/client.go:198.2,198.21 1 1
github.com/bytemare/doclane/internal/githubapi/client.go:202.123,211.16 3 1
github.com/bytemare/doclane/internal/githubapi/client.go:211.16,213.3 1 0
github.com/bytemare/doclane/internal/githubapi/client.go:214.2,216.88 3 1
github.com/bytemare/doclane/internal/githubapi/client.go:216.88,218.3 1 0
github.com/bytemare/doclane/internal/githubapi/client.go:219.2,219.16 1 1
github.com/bytemare/doclane/internal/githubapi/client.go:222.95,234.49 3 1
github.com/bytemare/doclane/internal/githubapi/client.go:234.49,236.3 1 0
github.com/bytemare/doclane/internal/githubapi/client.go:237.2,240.8 1 1
github.com/bytemare/doclane/internal/githubapi/client.go:243.89,251.52 3 0
github.com/bytemare/doclane/internal/githubapi/client.go:251.52,253.3 1 0
github.com/bytemare/doclane/internal/githubapi/client.go:255.2,257.28 3 0
github.com/bytemare/doclane/internal/githubapi/client.go:258.16,260.90 2 0
github.com/bytemare/doclane/internal/githubapi/client.go:261.13,273.53 3 0
github.com/bytemare/doclane/internal/githubapi/client.go:273.53,275.4 1 0
github.com/bytemare/doclane/internal/githubapi/client.go:276.3,276.37 1 0
github.com/bytemare/doclane/internal/githubapi/client.go:276.37,278.4 1 0
github.com/bytemare/doclane/internal/githubapi/client.go:279.3,284.4 2 0
github.com/bytemare/doclane/internal/githubapi/client.go:285.10,286.93 1 0
github.com/bytemare/doclane/internal/githubapi/client.go:289.2,290.16 2 0
github.com/bytemare/doclane/internal/githubapi/client.go:290.16,292.3 1 0
github.com/bytemare/doclane/internal/githubapi/client.go:293.2,297.8 1 0
github.com/bytemare/doclane/internal/githubapi/client.go:300.90,308.93 2 0
github.com/bytemare/doclane/internal/githubapi/client.go:308.93,310.3 1 0
github.com/bytemare/doclane/internal/githubapi/client.go:311.2,311.39 1 0
github.com/bytemare/doclane/internal/githubapi/client.go:314.111,316.16 2 1
github.com/bytemare/doclane/internal/githubapi/client.go:316.16,318.3 1 0
github.com/bytemare/doclane/internal/githubapi/client.go:319.2,322.49 4 1
github.com/bytemare/doclane/internal/githubapi/client.go:322.49,324.3 1 0
github.com/bytemare/doclane/internal/githubapi/client.go:325.2,325.19 1 1
github.com/bytemare/doclane/internal/githubapi/client.go:325.19,327.3 1 0
github.com/bytemare/doclane/internal/githubapi/client.go:328.2,328.20 1 1
github.com/bytemare/doclane/internal/githubapi/client.go:331.79,333.2 1 4
github.com/bytemare/doclane/internal/githubapi/client.go:335.102,336.19 1 6
github.com/bytemare/doclane/internal/githubapi/client.go:336.19,338.3 1 0
github.com/bytemare/doclane/internal/githubapi/client.go:339.2,340.16 2 6
github.com/bytemare/doclane/internal/githubapi/client.go:340.16,342.3 1 0
github.com/bytemare/doclane/internal/githubapi/client.go:343.2,346.17 4 6
github.com/bytemare/doclane/internal/githubapi/client.go:346.17,348.3 1 2
github.com/bytemare/doclane/internal/githubapi/client.go:349.2,350.16 2 6
github.com/bytemare/doclane/internal/githubapi/client.go:350.16,352.3 1 0
github.com/bytemare/doclane/internal/githubapi/client.go:353.2,353.15 1 6
github.com/bytemare/doclane/internal/githubapi/client.go:353.15,355.3 1 6
github.com/bytemare/doclane/internal/githubapi/client.go:357.2,357.44 1 6
github.com/bytemare/doclane/internal/githubapi/client.go:357.44,359.3 1 0
github.com/bytemare/doclane/internal/githubapi/client.go:360.2,360.53 1 6
github.com/bytemare/doclane/internal/githubapi/client.go:360.53,366.3 2 1
github.com/bytemare/doclane/internal/githubapi/client.go:367.2,367.16 1 5
github.com/bytemare/doclane/internal/githubapi/client.go:367.16,370.3 2 0
github.com/bytemare/doclane/internal/githubapi/client.go:371.2,371.47 1 5
github.com/bytemare/doclane/internal/githubapi/client.go:380.36,381.18 1 0
github.com/bytemare/doclane/internal/githubapi/client.go:381.18,383.3 1 0
github.com/bytemare/doclane/internal/githubapi/client.go:384.2,384.70 1 0
github.com/bytemare/doclane/internal/githubapi/client.go:387.43,389.31 2 1
github.com/bytemare/doclane/internal/githubapi/client.go:389.31,391.3 1 0
github.com/bytemare/doclane/internal/githubapi/client.go:392.2,392.128 1 1
github.com/bytemare/doclane/internal/githubapi/client.go:395.53,397.38 2 1
github.com/bytemare/doclane/internal/githubapi/client.go:397.38,399.3 1 0
github.com/bytemare/doclane/internal/githubapi/client.go:400.2,400.25 1 1
github.com/bytemare/doclane/internal/githubapi/client.go:403.38,405.18 2 1
github.com/bytemare/doclane/internal/githubapi/client.go:405.18,407.3 1 0
github.com/bytemare/doclane/internal/githubapi/client.go:408.2,409.23 2 1
github.com/bytemare/doclane/internal/githubapi/client.go:409.23,411.3 1 2
github.com/bytemare/doclane/internal/githubapi/client.go:412.2,412.33 1 1
github.com/bytemare/doclane/internal/gitops/gitops.go:18.36,21.2 2 0
github.com/bytemare/doclane/internal/gitops/gitops.go:24.49,26.16 2 0
github.com/bytemare/doclane/internal/gitops/gitops.go:26.16,28.3 1 0
github.com/bytemare/doclane/internal/gitops/gitops.go:29.2,29.36 1 0
github.com/bytemare/doclane/internal/gitops/gitops.go:33.51,34.64 1 0
github.com/bytemare/doclane/internal/gitops/gitops.go:34.64,36.3 1 0
github.com/bytemare/doclane/internal/gitops/gitops.go:37.2,37.50 1 0
github.com/bytemare/doclane/internal/gitops/gitops.go:41.53,43.2 1 0
github.com/bytemare/doclane/internal/gitops/gitops.go:46.44,49.2 2 0
github.com/bytemare/doclane/internal/gitops/gitops.go:52.66,54.13 2 0
github.com/bytemare/doclane/internal/gitops/gitops.go:54.13,56.3 1 0
github.com/bytemare/doclane/internal/gitops/gitops.go:57.2,57.10 1 0
github.com/bytemare/doclane/internal/gitops/gitops.go:57.10,59.3 1 0
github.com/bytemare/doclane/internal/gitops/gitops.go:60.2,60.28 1 0
github.com/bytemare/doclane/internal/gitops/gitops.go:64.54,66.2 1 0
github.com/bytemare/doclane/internal/gitops/gitops.go:69.46,71.16 2 0
github.com/bytemare/doclane/internal/gitops/gitops.go:71.16,73.3 1 0
github.com/bytemare/doclane/internal/gitops/gitops.go:74.2,74.48 1 0
github.com/bytemare/doclane/internal/gitops/gitops.go:77.53,80.9 3 0
github.com/bytemare/doclane/internal/gitops/gitops.go:81.56,82.64 1 0
github.com/bytemare/doclane/internal/gitops/gitops.go:83.52,84.60 1 0
github.com/bytemare/doclane/internal/gitops/gitops.go:85.10,86.88 1 0
github.com/bytemare/doclane/internal/gitops/gitops.go:90.48,93.2 2 0
github.com/bytemare/doclane/internal/gitops/gitops.go:95.53,101.34 6 0
github.com/bytemare/doclane/internal/gitops/gitops.go:101.34,103.31 2 0
github.com/bytemare/doclane/internal/gitops/gitops.go:103.31,105.17 2 0
github.com/bytemare/doclane/internal/gitops/gitops.go:105.17,107.5 1 0
github.com/bytemare/doclane/internal/gitops/gitops.go:108.4,108.89 1 0
github.com/bytemare/doclane/internal/gitops/gitops.go:110.3,110.30 1 0
github.com/bytemare/doclane/internal/gitops/gitops.go:112.2,112.29 1 0
github.com/bytemare/doclane/internal/hashutil/hash.go:9.36,12.2 2 0
github.com/bytemare/doclane/internal/lockfile/lockfile.go:50.59,52.16 2 0
github.com/bytemare/doclane/internal/lockfile/lockfile.go:52.16,53.37 1 0
github.com/bytemare/doclane/internal/lockfile/lockfile.go:53.37,55.4 1 0
github.com/bytemare/doclane/internal/lockfile/lockfile.go:56.3,56.23 1 0
github.com/bytemare/doclane/internal/lockfile/lockfile.go:58.2,59.50 2 0
github.com/bytemare/doclane/internal/lockfile/lockfile.go:59.50,61.3 1 0
github.com/bytemare/doclane/internal/lockfile/lockfile.go:62.2,62.23 1 0
github.com/bytemare/doclane/internal/lockfile/lockfile.go:66.44,67.15 1 0
github.com/bytemare/doclane/internal/lockfile/lockfile.go:67.15,69.3 1 0
github.com/bytemare/doclane/internal/lockfile/lockfile.go:70.2,70.21 1 0
github.com/bytemare/doclane/internal/lockfile/lockfile.go:70.21,72.3 1 0
github.com/bytemare/doclane/internal/lockfile/lockfile.go:73.2,74.16 2 0
github.com/bytemare/doclane/internal/lockfile/lockfile.go:74.16,76.3 1 0
github.com/bytemare/doclane/internal/lockfile/lockfile.go:77.2,77.17 1 0
github.com/bytemare/doclane/internal/lockfile/lockfile.go:81.45,83.16 2 0
github.com/bytemare/doclane/internal/lockfile/lockfile.go:83.16,85.3 1 0
github.com/bytemare/doclane/internal/lockfile/lockfile.go:86.2,86.63 1 0
github.com/bytemare/doclane/internal/lockfile/lockfile.go:86.63,88.3 1 0
github.com/bytemare/doclane/internal/lockfile/lockfile.go:89.2,89.40 1 0
github.com/bytemare/doclane/internal/manifest/manifest.go:43.43,46.16 3 0
github.com/bytemare/doclane/internal/manifest/manifest.go:46.16,48.3 1 0
github.com/bytemare/doclane/internal/manifest/manifest.go:49.2,50.63 2 0
github.com/bytemare/doclane/internal/manifest/manifest.go:50.63,52.3 1 0
github.com/bytemare/doclane/internal/manifest/manifest.go:53.2,53.40 1 0
github.com/bytemare/doclane/internal/policy/policy.go:52.42,56.39 4 0
github.com/bytemare/doclane/internal/policy/policy.go:56.39,58.3 1 0
github.com/bytemare/doclane/internal/policy/policy.go:59.2,59.20 1 0
github.com/bytemare/doclane/internal/policy/policy.go:59.20,61.3 1 0
github.com/bytemare/doclane/internal/policy/policy.go:62.2,62.37 1 0
github.com/bytemare/doclane/internal/policy/policy.go:62.37,64.3 1 0
github.com/bytemare/doclane/internal/policy/policy.go:65.2,65.16 1 0
github.com/bytemare/doclane/internal/policy/policy.go:69.35,70.20 1 0
github.com/bytemare/doclane/internal/policy/policy.go:70.20,72.3 1 0
github.com/bytemare/doclane/internal/policy/policy.go:73.2,73.36 1 0
github.com/bytemare/doclane/internal/policy/policy.go:74.38,74.38 0 0
github.com/bytemare/doclane/internal/policy/policy.go:75.10,76.92 1 0
github.com/bytemare/doclane/internal/policy/policy.go:78.2,78.28 1 0
github.com/bytemare/doclane/internal/policy/policy.go:78.28,80.55 2 0
github.com/bytemare/doclane/internal/policy/policy.go:80.55,82.4 1 0
github.com/bytemare/doclane/internal/policy/policy.go:83.3,83.21 1 0
github.com/bytemare/doclane/internal/policy/policy.go:83.21,85.18 2 0
github.com/bytemare/doclane/internal/policy/policy.go:85.18,87.5 1 0
github.com/bytemare/doclane/internal/policy/policy.go:88.4,88.38 1 0
github.com/bytemare/doclane/internal/policy/policy.go:91.2,91.53 1 0
github.com/bytemare/doclane/internal/policy/policy.go:91.53,93.19 2 0
github.com/bytemare/doclane/internal/policy/policy.go:93.19,95.4 1 0
github.com/bytemare/doclane/internal/policy/policy.go:96.3,97.17 2 0
github.com/bytemare/doclane/internal/policy/policy.go:97.17,99.4 1 0
github.com/bytemare/doclane/internal/policy/policy.go:100.3,100.55 1 0
github.com/bytemare/doclane/internal/policy/policy.go:102.2,102.12 1 0
github.com/bytemare/doclane/internal/policy/policy.go:106.107,107.14 1 0
github.com/bytemare/doclane/internal/policy/policy.go:107.14,109.3 1 0
github.com/bytemare/doclane/internal/policy/policy.go:110.2,111.41 2 0
github.com/bytemare/doclane/internal/policy/policy.go:111.41,112.61 1 0
github.com/bytemare/doclane/internal/policy/policy.go:112.61,115.4 2 0
github.com/bytemare/doclane/internal/policy/policy.go:116.3,116.25 1 0
github.com/bytemare/doclane/internal/policy/policy.go:119.2,119.62 1 0
github.com/bytemare/doclane/internal/policy/policy.go:119.62,120.34 1 0
github.com/bytemare/doclane/internal/policy/policy.go:120.34,121.29 1 0
github.com/bytemare/doclane/internal/policy/policy.go:121.29,122.13 1 0
github.com/bytemare/doclane/internal/policy/policy.go:124.4,124.39 1 0
github.com/bytemare/doclane/internal/policy/policy.go:124.39,125.35 1 0
github.com/bytemare/doclane/internal/policy/policy.go:125.35,126.113 1 0
github.com/bytemare/doclane/internal/policy/policy.go:126.113,128.7 1 0
github.com/bytemare/doclane/internal/policy/policy.go:134.2,134.50 1 0
github.com/bytemare/doclane/internal/policy/policy.go:134.50,135.34 1 0
github.com/bytemare/doclane/internal/policy/policy.go:135.34,137.18 2 0
github.com/bytemare/doclane/internal/policy/policy.go:137.18,138.105 1 0
github.com/bytemare/doclane/internal/policy/policy.go:138.105,140.6 1 0
github.com/bytemare/doclane/internal/policy/policy.go:141.5,141.13 1 0
github.com/bytemare/doclane/internal/policy/policy.go:143.4,144.66 2 0
github.com/bytemare/doclane/internal/policy/policy.go:144.66,146.19 2 0
github.com/bytemare/doclane/internal/policy/policy.go:146.19,147.112 1 0
github.com/bytemare/doclane/internal/policy/policy.go:147.112,149.7 1 0
github.com/bytemare/doclane/internal/policy/policy.go:150.6,150.14 1 0
github.com/bytemare/doclane/internal/policy/policy.go:152.5,152.43 1 0
github.com/bytemare/doclane/internal/policy/policy.go:152.43,154.11 2 0
github.com/bytemare/doclane/internal/policy/policy.go:157.4,157.11 1 0
github.com/bytemare/doclane/internal/policy/policy.go:157.11,158.118 1 0
github.com/bytemare/doclane/internal/policy/policy.go:158.118,160.6 1 0
github.com/bytemare/doclane/internal/policy/policy.go:165.2,165.50 1 0
github.com/bytemare/doclane/internal/policy/policy.go:165.50,167.59 2 0
github.com/bytemare/doclane/internal/policy/policy.go:167.59,168.47 1 0
github.com/bytemare/doclane/internal/policy/policy.go:168.47,170.10 2 0
github.com/bytemare/doclane/internal/policy/policy.go:173.3,173.15 1 0
github.com/bytemare/doclane/internal/policy/policy.go:173.15,174.106 1 0
github.com/bytemare/doclane/internal/policy/policy.go:174.106,176.5 1 0
github.com/bytemare/doclane/internal/policy/policy.go:180.2,180.49 1 0
github.com/bytemare/doclane/internal/policy/policy.go:180.49,181.82 1 0
github.com/bytemare/doclane/internal/policy/policy.go:181.82,183.4 1 0
github.com/bytemare/doclane/internal/policy/policy.go:185.2,185.62 1 0
github.com/bytemare/doclane/internal/policy/policy.go:185.62,186.90 1 0
github.com/bytemare/doclane/internal/policy/policy.go:186.90,188.4 1 0
github.com/bytemare/doclane/internal/policy/policy.go:191.2,191.33 1 0
github.com/bytemare/doclane/internal/policy/policy.go:191.33,192.33 1 0
github.com/bytemare/doclane/internal/policy/policy.go:192.33,193.12 1 0
github.com/bytemare/doclane/internal/policy/policy.go:195.3,196.15 2 0
github.com/bytemare/doclane/internal/policy/policy.go:196.15,198.4 1 0
github.com/bytemare/doclane/internal/policy/policy.go:199.3,199.89 1 0
github.com/bytemare/doclane/internal/policy/policy.go:199.89,201.4 1 0
github.com/bytemare/doclane/internal/policy/policy.go:204.2,204.22 1 0
github.com/bytemare/doclane/internal/policy/policy.go:207.48,208.22 1 0
github.com/bytemare/doclane/internal/policy/policy.go:208.22,210.3 1 0
github.com/bytemare/doclane/internal/policy/policy.go:211.2,211.69 1 0
github.com/bytemare/doclane/internal/policy/policy.go:214.69,215.28 1 0
github.com/bytemare/doclane/internal/policy/policy.go:215.28,216.19 1 0
github.com/bytemare/doclane/internal/policy/policy.go:216.19,217.22 1 0
github.com/bytemare/doclane/internal/policy/policy.go:217.22,218.51 1 0
github.com/bytemare/doclane/internal/policy/policy.go:218.51,219.14 1 0
github.com/bytemare/doclane/internal/policy/policy.go:221.5,221.51 1 0
github.com/bytemare/doclane/internal/policy/policy.go:221.51,222.14 1 0
github.com/bytemare/doclane/internal/policy/policy.go:224.5,224.16 1 0
github.com/bytemare/doclane/internal/policy/policy.go:226.4,226.12 1 0
github.com/bytemare/doclane/internal/policy/policy.go:228.3,228.55 1 0
github.com/bytemare/doclane/internal/policy/policy.go:228.55,230.4 1 0
github.com/bytemare/doclane/internal/policy/policy.go:232.2,232.14 1 0
github.com/bytemare/doclane/internal/selector/selector.go:34.42,36.15 2 1
github.com/bytemare/doclane/internal/selector/selector.go:36.15,38.3 1 0
github.com/bytemare/doclane/internal/selector/selector.go:39.2,39.21 1 1
github.com/bytemare/doclane/internal/selector/selector.go:39.21,41.3 1 1
github.com/bytemare/doclane/internal/selector/selector.go:43.2,44.24 2 0
github.com/bytemare/doclane/internal/selector/selector.go:44.24,46.3 1 0
github.com/bytemare/doclane/internal/selector/selector.go:47.2,47.22 1 0
github.com/bytemare/doclane/internal/selector/selector.go:48.18,49.65 1 0
github.com/bytemare/doclane/internal/selector/selector.go:50.15,51.62 1 0
github.com/bytemare/doclane/internal/selector/selector.go:52.18,53.38 1 0
github.com/bytemare/doclane/internal/selector/selector.go:53.38,55.4 1 0
github.com/bytemare/doclane/internal/selector/selector.go:56.3,56.82 1 0
github.com/bytemare/doclane/internal/selector/selector.go:57.10,58.72 1 0
github.com/bytemare/doclane/internal/selector/selector.go:63.35,64.26 1 1
github.com/bytemare/doclane/internal/selector/selector.go:64.26,66.3 1 1
github.com/bytemare/doclane/internal/selector/selector.go:67.2,67.46 1 0
github.com/bytemare/doclane/internal/selector/selector.go:71.62,73.19 2 0
github.com/bytemare/doclane/internal/selector/selector.go:73.19,75.3 1 0
github.com/bytemare/doclane/internal/selector/selector.go:76.2,76.25 1 0
github.com/bytemare/doclane/internal/selector/selector.go:76.25,78.3 1 0
github.com/bytemare/doclane/internal/selector/selector.go:79.2,79.27 1 0
github.com/bytemare/doclane/internal/selector/selector.go:79.27,81.3 1 0
github.com/bytemare/doclane/internal/selector/selector.go:82.2,82.24 1 0
github.com/bytemare/doclane/internal/selector/selector.go:82.24,84.3 1 0
github.com/bytemare/doclane/internal/selector/selector.go:85.2,85.27 1 0
github.com/bytemare/doclane/internal/selector/selector.go:85.27,87.3 1 0
github.com/bytemare/doclane/internal/selector/selector.go:88.2,88.32 1 0
github.com/bytemare/doclane/internal/syncer/path_helpers.go:14.60,15.25 1 0
github.com/bytemare/doclane/internal/syncer/path_helpers.go:15.25,17.3 1 0
github.com/bytemare/doclane/internal/syncer/path_helpers.go:18.2,18.32 1 0
github.com/bytemare/doclane/internal/syncer/path_helpers.go:18.32,20.17 2 0
github.com/bytemare/doclane/internal/syncer/path_helpers.go:20.17,22.4 1 0
github.com/bytemare/doclane/internal/syncer/path_helpers.go:23.3,23.9 1 0
github.com/bytemare/doclane/internal/syncer/path_helpers.go:23.9,25.4 1 0
github.com/bytemare/doclane/internal/syncer/path_helpers.go:27.2,27.63 1 0
github.com/bytemare/doclane/internal/syncer/path_helpers.go:31.61,34.2 2 0
github.com/bytemare/doclane/internal/syncer/path_helpers.go:37.76,39.16 2 0
github.com/bytemare/doclane/internal/syncer/path_helpers.go:39.16,41.3 1 0
github.com/bytemare/doclane/internal/syncer/path_helpers.go:42.2,44.16 3 0
github.com/bytemare/doclane/internal/syncer/path_helpers.go:44.16,46.3 1 0
github.com/bytemare/doclane/internal/syncer/path_helpers.go:47.2,47.76 1 0
github.com/bytemare/doclane/internal/syncer/path_helpers.go:47.76,49.3 1 0
github.com/bytemare/doclane/internal/syncer/path_helpers.go:50.2,50.27 1 0
github.com/bytemare/doclane/internal/syncer/policy_helpers.go:17.173,20.16 3 0
github.com/bytemare/doclane/internal/syncer/policy_helpers.go:20.16,21.44 1 0
github.com/bytemare/doclane/internal/syncer/policy_helpers.go:21.44,23.33 2 0
github.com/bytemare/doclane/internal/syncer/policy_helpers.go:23.33,26.5 2 0
github.com/bytemare/doclane/internal/syncer/policy_helpers.go:27.4,27.46 1 0
github.com/bytemare/doclane/internal/syncer/policy_helpers.go:29.3,29.70 1 0
github.com/bytemare/doclane/internal/syncer/policy_helpers.go:31.2,32.16 2 0
github.com/bytemare/doclane/internal/syncer/policy_helpers.go:32.16,33.32 1 0
github.com/bytemare/doclane/internal/syncer/policy_helpers.go:33.32,41.4 2 0
github.com/bytemare/doclane/internal/syncer/policy_helpers.go:42.3,42.70 1 0
github.com/bytemare/doclane/internal/syncer/policy_helpers.go:44.2,49.21 1 0
github.com/bytemare/doclane/internal/syncer/policy_helpers.go:53.92,54.34 1 0
github.com/bytemare/doclane/internal/syncer/policy_helpers.go:54.34,56.3 1 0
github.com/bytemare/doclane/internal/syncer/policy_helpers.go:57.2,57.34 1 0
github.com/bytemare/doclane/internal/syncer/policy_helpers.go:57.34,59.3 1 0
github.com/bytemare/doclane/internal/syncer/policy_helpers.go:60.2,60.60 1 0
github.com/bytemare/doclane/internal/syncer/policy_helpers.go:60.60,62.3 1 0
github.com/bytemare/doclane/internal/syncer/policy_helpers.go:63.2,63.14 1 0
github.com/bytemare/doclane/internal/syncer/pr.go:16.167,18.41 2 0
github.com/bytemare/doclane/internal/syncer/pr.go:18.41,20.3 1 0
github.com/bytemare/doclane/internal/syncer/pr.go:21.2,21.73 1 0
github.com/bytemare/doclane/internal/syncer/pr.go:21.73,23.3 1 0
github.com/bytemare/doclane/internal/syncer/pr.go:25.2,26.16 2 0
github.com/bytemare/doclane/internal/syncer/pr.go:26.16,28.3 1 0
github.com/bytemare/doclane/internal/syncer/pr.go:29.2,29.16 1 0
github.com/bytemare/doclane/internal/syncer/pr.go:29.16,31.17 2 0
github.com/bytemare/doclane/internal/syncer/pr.go:31.17,33.4 1 0
github.com/bytemare/doclane/internal/syncer/pr.go:34.3,34.41 1 0
github.com/bytemare/doclane/internal/syncer/pr.go:34.41,36.4 1 0
github.com/bytemare/doclane/internal/syncer/pr.go:38.2,38.34 1 0
github.com/bytemare/doclane/internal/syncer/pr.go:38.34,40.3 1 0
github.com/bytemare/doclane/internal/syncer/pr.go:42.2,44.24 3 0
github.com/bytemare/doclane/internal/syncer/pr.go:44.24,46.3 1 0
github.com/bytemare/doclane/internal/syncer/pr.go:47.2,49.51 2 0
github.com/bytemare/doclane/internal/syncer/pr.go:49.51,51.3 1 0
github.com/bytemare/doclane/internal/syncer/pr.go:53.2,54.26 2 0
github.com/bytemare/doclane/internal/syncer/pr.go:54.26,55.16 1 0
github.com/bytemare/doclane/internal/syncer/pr.go:55.16,57.4 1 0
github.com/bytemare/doclane/internal/syncer/pr.go:59.2,59.45 1 0
github.com/bytemare/doclane/internal/syncer/pr.go:59.45,61.3 1 0
github.com/bytemare/doclane/internal/syncer/pr.go:63.2,64.83 2 0
github.com/bytemare/doclane/internal/syncer/pr.go:64.83,66.3 1 0
github.com/bytemare/doclane/internal/syncer/pr.go:67.2,67.52 1 0
github.com/bytemare/doclane/internal/syncer/pr.go:67.52,69.3 1 0
github.com/bytemare/doclane/internal/syncer/pr.go:71.2,72.24 2 0
github.com/bytemare/doclane/internal/syncer/pr.go:72.24,75.17 3 0
github.com/bytemare/doclane/internal/syncer/pr.go:75.17,77.4 1 0
github.com/bytemare/doclane/internal/syncer/pr.go:80.2,89.16 5 0
github.com/bytemare/doclane/internal/syncer/pr.go:89.16,91.3 1 0
github.com/bytemare/doclane/internal/syncer/pr.go:92.2,92.20 1 0
github.com/bytemare/doclane/internal/syncer/pr.go:96.96,103.35 7 0
github.com/bytemare/doclane/internal/syncer/pr.go:103.35,105.3 1 0
github.com/bytemare/doclane/internal/syncer/pr.go:106.2,106.37 1 0
github.com/bytemare/doclane/internal/syncer/pr.go:106.37,108.44 2 0
github.com/bytemare/doclane/internal/syncer/pr.go:108.44,110.4 1 0
github.com/bytemare/doclane/internal/syncer/pr.go:111.3,111.19 1 0
github.com/bytemare/doclane/internal/syncer/pr.go:113.2,116.26 4 0
github.com/bytemare/doclane/internal/syncer/pr.go:116.26,118.3 1 0
github.com/bytemare/doclane/internal/syncer/pr.go:119.2,119.19 1 0
github.com/bytemare/doclane/internal/syncer/pr.go:122.33,123.18 1 0
github.com/bytemare/doclane/internal/syncer/pr.go:123.18,125.3 1 0
github.com/bytemare/doclane/internal/syncer/pr.go:126.2,126.15 1 0
github.com/bytemare/doclane/internal/syncer/run_helpers.go:37.39,41.33 3 0
github.com/bytemare/doclane/internal/syncer/run_helpers.go:41.33,43.17 2 0
github.com/bytemare/doclane/internal/syncer/run_helpers.go:43.17,45.4 1 0
github.com/bytemare/doclane/internal/syncer/run_helpers.go:47.3,48.28 2 0
github.com/bytemare/doclane/internal/syncer/run_helpers.go:48.28,50.18 2 0
github.com/bytemare/doclane/internal/syncer/run_helpers.go:50.18,52.5 1 0
github.com/bytemare/doclane/internal/syncer/run_helpers.go:53.4,53.38 1 0
github.com/bytemare/doclane/internal/syncer/run_helpers.go:56.3,57.17 2 0
github.com/bytemare/doclane/internal/syncer/run_helpers.go:57.17,59.4 1 0
github.com/bytemare/doclane/internal/syncer/run_helpers.go:61.3,63.17 3 0
github.com/bytemare/doclane/internal/syncer/run_helpers.go:63.17,64.38 1 0
github.com/bytemare/doclane/internal/syncer/run_helpers.go:64.38,67.5 2 0
github.com/bytemare/doclane/internal/syncer/run_helpers.go:67.10,69.5 1 0
github.com/bytemare/doclane/internal/syncer/run_helpers.go:72.3,92.5 5 0
github.com/bytemare/doclane/internal/syncer/run_helpers.go:95.2,95.29 1 0
github.com/bytemare/doclane/internal/syncer/run_helpers.go:99.144,111.37 2 0
github.com/bytemare/doclane/internal/syncer/run_helpers.go:111.37,114.3 2 0
github.com/bytemare/doclane/internal/syncer/run_helpers.go:115.2,115.21 1 0
github.com/bytemare/doclane/internal/syncer/run_helpers.go:115.21,117.3 1 0
github.com/bytemare/doclane/internal/syncer/run_helpers.go:118.2,118.28 1 0
github.com/bytemare/doclane/internal/syncer/run_helpers.go:118.28,127.3 1 0
github.com/bytemare/doclane/internal/syncer/run_helpers.go:128.2,128.11 1 0
github.com/bytemare/doclane/internal/syncer/run_helpers.go:132.160,141.21 2 0
github.com/bytemare/doclane/internal/syncer/run_helpers.go:141.21,148.3 1 0
github.com/bytemare/doclane/internal/syncer/run_helpers.go:149.2,149.26 1 0
github.com/bytemare/doclane/internal/syncer/run_helpers.go:149.26,159.3 1 0
github.com/bytemare/doclane/internal/syncer/run_helpers.go:160.2,160.10 1 0
github.com/bytemare/doclane/internal/syncer/run_helpers.go:164.50,165.28 1 0
github.com/bytemare/doclane/internal/syncer/run_helpers.go:165.28,166.18 1 0
github.com/bytemare/doclane/internal/syncer/run_helpers.go:166.18,167.12 1 0
github.com/bytemare/doclane/internal/syncer/run_helpers.go:169.3,169.73 1 0
github.com/bytemare/doclane/internal/syncer/run_helpers.go:169.73,171.4 1 0
github.com/bytemare/doclane/internal/syncer/run_helpers.go:172.3,172.73 1 0
github.com/bytemare/doclane/internal/syncer/run_helpers.go:172.73,174.4 1 0
github.com/bytemare/doclane/internal/syncer/run_helpers.go:176.2,176.12 1 0
github.com/bytemare/doclane/internal/syncer/syncer.go:71.55,73.2 1 0
github.com/bytemare/doclane/internal/syncer/syncer.go:76.35,77.24 1 0
github.com/bytemare/doclane/internal/syncer/syncer.go:77.24,79.3 1 0
github.com/bytemare/doclane/internal/syncer/syncer.go:80.2,80.26 1 0
github.com/bytemare/doclane/internal/syncer/syncer.go:80.26,82.3 1 0
github.com/bytemare/doclane/internal/syncer/syncer.go:83.2,83.26 1 0
github.com/bytemare/doclane/internal/syncer/syncer.go:83.26,85.3 1 0
github.com/bytemare/doclane/internal/syncer/syncer.go:86.2,86.44 1 0
github.com/bytemare/doclane/internal/syncer/syncer.go:86.44,88.3 1 0
github.com/bytemare/doclane/internal/syncer/syncer.go:89.2,89.12 1 0
[...]
github.com/bytemare/doclane/internal/policy/policy.go:152.43,154.11 2 0
github.com/bytemare/doclane/internal/policy/policy.go:157.4,157.11 1 0
github.com/bytemare/doclane/internal/policy/policy.go:157.11,158.118 1 0
github.com/bytemare/doclane/internal/policy/policy.go:158.118,160.6 1 0
github.com/bytemare/doclane/internal/policy/policy.go:165.2,165.50 1 0
github.com/bytemare/doclane/internal/policy/policy.go:165.50,167.59 2 0
github.com/bytemare/doclane/internal/policy/policy.go:167.59,168.47 1 0
github.com/bytemare/doclane/internal/policy/policy.go:168.47,170.10 2 0
github.com/bytemare/doclane/internal/policy/policy.go:173.3,173.15 1 0
github.com/bytemare/doclane/internal/policy/policy.go:173.15,174.106 1 0
github.com/bytemare/doclane/internal/policy/policy.go:174.106,176.5 1 0
github.com/bytemare/doclane/internal/policy/policy.go:180.2,180.49 1 0
github.com/bytemare/doclane/internal/policy/policy.go:180.49,181.82 1 0
github.com/bytemare/doclane/internal/policy/policy.go:181.82,183.4 1 0
github.com/bytemare/doclane/internal/policy/policy.go:185.2,185.62 1 0
github.com/bytemare/doclane/internal/policy/policy.go:185.62,186.90 1 0
github.com/bytemare/doclane/internal/policy/policy.go:186.90,188.4 1 0
github.com/bytemare/doclane/internal/policy/policy.go:191.2,191.33 1 0
github.com/bytemare/doclane/internal/policy/policy.go:191.33,192.33 1 0
github.com/bytemare/doclane/internal/policy/policy.go:192.33,193.12 1 0
github.com/bytemare/doclane/internal/policy/policy.go:195.3,196.15 2 0
github.com/bytemare/doclane/internal/policy/policy.go:196.15,198.4 1 0
github.com/bytemare/doclane/internal/policy/policy.go:199.3,199.89 1 0
github.com/bytemare/doclane/internal/policy/policy.go:199.89,201.4 1 0
github.com/bytemare/doclane/internal/policy/policy.go:204.2,204.22 1 0
github.com/bytemare/doclane/internal/policy/policy.go:207.48,208.22 1 0
github.com/bytemare/doclane/internal/policy/policy.go:208.22,210.3 1 0
github.com/bytemare/doclane/internal/policy/policy.go:211.2,211.69 1 0
github.com/bytemare/doclane/internal/policy/policy.go:214.69,215.28 1 0
github.com/bytemare/doclane/internal/policy/policy.go:215.28,216.19 1 0
github.com/bytemare/doclane/internal/policy/policy.go:216.19,217.22 1 0
github.com/bytemare/doclane/internal/policy/policy.go:217.22,218.51 1 0
github.com/bytemare/doclane/internal/policy/policy.go:218.51,219.14 1 0
github.com/bytemare/doclane/internal/policy/policy.go:221.5,221.51 1 0
github.com/bytemare/doclane/internal/policy/policy.go:221.51,222.14 1 0
github.com/bytemare/doclane/internal/policy/policy.go:224.5,224.16 1 0
github.com/bytemare/doclane/internal/policy/policy.go:226.4,226.12 1 0
github.com/bytemare/doclane/internal/policy/policy.go:228.3,228.55 1 0
github.com/bytemare/doclane/internal/policy/policy.go:228.55,230.4 1 0
github.com/bytemare/doclane/internal/policy/policy.go:232.2,232.14 1 0
github.com/bytemare/doclane/internal/selector/selector.go:34.42,36.15 2 0
github.com/bytemare/doclane/internal/selector/selector.go:36.15,38.3 1 0
github.com/bytemare/doclane/internal/selector/selector.go:39.2,39.21 1 0
github.com/bytemare/doclane/internal/selector/selector.go:39.21,41.3 1 0
github.com/bytemare/doclane/internal/selector/selector.go:43.2,44.24 2 0
github.com/bytemare/doclane/internal/selector/selector.go:44.24,46.3 1 0
github.com/bytemare/doclane/internal/selector/selector.go:47.2,47.22 1 0
github.com/bytemare/doclane/internal/selector/selector.go:48.18,49.65 1 0
github.com/bytemare/doclane/internal/selector/selector.go:50.15,51.62 1 0
github.com/bytemare/doclane/internal/selector/selector.go:52.18,53.38 1 0
github.com/bytemare/doclane/internal/selector/selector.go:53.38,55.4 1 0
github.com/bytemare/doclane/internal/selector/selector.go:56.3,56.82 1 0
github.com/bytemare/doclane/internal/selector/selector.go:57.10,58.72 1 0
github.com/bytemare/doclane/internal/selector/selector.go:63.35,64.26 1 0
github.com/bytemare/doclane/internal/selector/selector.go:64.26,66.3 1 0
github.com/bytemare/doclane/internal/selector/selector.go:67.2,67.46 1 0
github.com/bytemare/doclane/internal/selector/selector.go:71.62,73.19 2 0
github.com/bytemare/doclane/internal/selector/selector.go:73.19,75.3 1 0
github.com/bytemare/doclane/internal/selector/selector.go:76.2,76.25 1 0
github.com/bytemare/doclane/internal/selector/selector.go:76.25,78.3 1 0
github.com/bytemare/doclane/internal/selector/selector.go:79.2,79.27 1 0
github.com/bytemare/doclane/internal/selector/selector.go:79.27,81.3 1 0
github.com/bytemare/doclane/internal/selector/selector.go:82.2,82.24 1 0
github.com/bytemare/doclane/internal/selector/selector.go:82.24,84.3 1 0
github.com/bytemare/doclane/internal/selector/selector.go:85.2,85.27 1 0
github.com/bytemare/doclane/internal/selector/selector.go:85.27,87.3 1 0
github.com/bytemare/doclane/internal/selector/selector.go:88.2,88.32 1 0
github.com/bytemare/doclane/internal/syncer/path_helpers.go:14.60,15.25 1 0
github.com/bytemare/doclane/internal/syncer/path_helpers.go:15.25,17.3 1 0
github.com/bytemare/doclane/internal/syncer/path_helpers.go:18.2,18.32 1 0
github.com/bytemare/doclane/internal/syncer/path_helpers.go:18.32,20.17 2 0
github.com/bytemare/doclane/internal/syncer/path_helpers.go:20.17,22.4 1 0
github.com/bytemare/doclane/internal/syncer/path_helpers.go:23.3,23.9 1 0
github.com/bytemare/doclane/internal/syncer/path_helpers.go:23.9,25.4 1 0
github.com/bytemare/doclane/internal/syncer/path_helpers.go:27.2,27.63 1 0
github.com/bytemare/doclane/internal/syncer/path_helpers.go:31.61,34.2 2 0
github.com/bytemare/doclane/internal/syncer/path_helpers.go:37.76,39.16 2 0
github.com/bytemare/doclane/internal/syncer/path_helpers.go:39.16,41.3 1 0
github.com/bytemare/doclane/internal/syncer/path_helpers.go:42.2,44.16 3 0
github.com/bytemare/doclane/internal/syncer/path_helpers.go:44.16,46.3 1 0
github.com/bytemare/doclane/internal/syncer/path_helpers.go:47.2,47.76 1 0
github.com/bytemare/doclane/internal/syncer/path_helpers.go:47.76,49.3 1 0
github.com/bytemare/doclane/internal/syncer/path_helpers.go:50.2,50.27 1 0
github.com/bytemare/doclane/internal/syncer/policy_helpers.go:17.173,20.16 3 0
github.com/bytemare/doclane/internal/syncer/policy_helpers.go:20.16,21.44 1 0
github.com/bytemare/doclane/internal/syncer/policy_helpers.go:21.44,23.33 2 0
github.com/bytemare/doclane/internal/syncer/policy_helpers.go:23.33,26.5 2 0
github.com/bytemare/doclane/internal/syncer/policy_helpers.go:27.4,27.46 1 0
github.com/bytemare/doclane/internal/syncer/policy_helpers.go:29.3,29.70 1 0
github.com/bytemare/doclane/internal/syncer/policy_helpers.go:31.2,32.16 2 0
github.com/bytemare/doclane/internal/syncer/policy_helpers.go:32.16,33.32 1 0
github.com/bytemare/doclane/internal/syncer/policy_helpers.go:33.32,41.4 2 0
github.com/bytemare/doclane/internal/syncer/policy_helpers.go:42.3,42.70 1 0
github.com/bytemare/doclane/internal/syncer/policy_helpers.go:44.2,49.21 1 0
github.com/bytemare/doclane/internal/syncer/policy_helpers.go:53.92,54.34 1 0
github.com/bytemare/doclane/internal/syncer/policy_helpers.go:54.34,56.3 1 0
github.com/bytemare/doclane/internal/syncer/policy_helpers.go:57.2,57.34 1 0
github.com/bytemare/doclane/internal/syncer/policy_helpers.go:57.34,59.3 1 0
github.com/bytemare/doclane/internal/syncer/policy_helpers.go:60.2,60.60 1 0
github.com/bytemare/doclane/internal/syncer/policy_helpers.go:60.60,62.3 1 0
github.com/bytemare/doclane/internal/syncer/policy_helpers.go:63.2,63.14 1 0
github.com/bytemare/doclane/internal/syncer/pr.go:16.167,18.41 2 0
github.com/bytemare/doclane/internal/syncer/pr.go:18.41,20.3 1 0
github.com/bytemare/doclane/internal/syncer/pr.go:21.2,21.73 1 0
github.com/bytemare/doclane/internal/syncer/pr.go:21.73,23.3 1 0
github.com/bytemare/doclane/internal/syncer/pr.go:25.2,26.16 2 0
github.com/bytemare/doclane/internal/syncer/pr.go:26.16,28.3 1 0
github.com/bytemare/doclane/internal/syncer/pr.go:29.2,29.16 1 0
github.com/bytemare/doclane/internal/syncer/pr.go:29.16,31.17 2 0
github.com/bytemare/doclane/internal/syncer/pr.go:31.17,33.4 1 0
github.com/bytemare/doclane/internal/syncer/pr.go:34.3,34.41 1 0
github.com/bytemare/doclane/internal/syncer/pr.go:34.41,36.4 1 0
github.com/bytemare/doclane/internal/syncer/pr.go:38.2,38.34 1 0
github.com/bytemare/doclane/internal/syncer/pr.go:38.34,40.3 1 0
github.com/bytemare/doclane/internal/syncer/pr.go:42.2,44.24 3 0
github.com/bytemare/doclane/internal/syncer/pr.go:44.24,46.3 1 0
github.com/bytemare/doclane/internal/syncer/pr.go:47.2,49.51 2 0
github.com/bytemare/doclane/internal/syncer/pr.go:49.51,51.3 1 0
github.com/bytemare/doclane/internal/syncer/pr.go:53.2,54.26 2 0
github.com/bytemare/doclane/internal/syncer/pr.go:54.26,55.16 1 0
github.com/bytemare/doclane/internal/syncer/pr.go:55.16,57.4 1 0
github.com/bytemare/doclane/internal/syncer/pr.go:59.2,59.45 1 0
github.com/bytemare/doclane/internal/syncer/pr.go:59.45,61.3 1 0
github.com/bytemare/doclane/internal/syncer/pr.go:63.2,64.83 2 0
github.com/bytemare/doclane/internal/syncer/pr.go:64.83,66.3 1 0
github.com/bytemare/doclane/internal/syncer/pr.go:67.2,67.52 1 0
github.com/bytemare/doclane/internal/syncer/pr.go:67.52,69.3 1 0
github.com/bytemare/doclane/internal/syncer/pr.go:71.2,72.24 2 0
github.com/bytemare/doclane/internal/syncer/pr.go:72.24,75.17 3 0
github.com/bytemare/doclane/internal/syncer/pr.go:75.17,77.4 1 0
github.com/bytemare/doclane/internal/syncer/pr.go:80.2,89.16 5 0
github.com/bytemare/doclane/internal/syncer/pr.go:89.16,91.3 1 0
github.com/bytemare/doclane/internal/syncer/pr.go:92.2,92.20 1 0
github.com/bytemare/doclane/internal/syncer/pr.go:96.96,103.35 7 0
github.com/bytemare/doclane/internal/syncer/pr.go:103.35,105.3 1 0
github.com/bytemare/doclane/internal/syncer/pr.go:106.2,106.37 1 0
github.com/bytemare/doclane/internal/syncer/pr.go:106.37,108.44 2 0
github.com/bytemare/doclane/internal/syncer/pr.go:108.44,110.4 1 0
github.com/bytemare/doclane/internal/syncer/pr.go:111.3,111.19 1 0
github.com/bytemare/doclane/internal/syncer/pr.go:113.2,116.26 4 0
github.com/bytemare/doclane/internal/syncer/pr.go:116.26,118.3 1 0
github.com/bytemare/doclane/internal/syncer/pr.go:119.2,119.19 1 0
github.com/bytemare/doclane/internal/syncer/pr.go:122.33,123.18 1 0
github.com/bytemare/doclane/internal/syncer/pr.go:123.18,125.3 1 0
github.com/bytemare/doclane/internal/syncer/pr.go:126.2,126.15 1 0
github.com/bytemare/doclane/internal/syncer/run_helpers.go:37.39,41.33 3 0
github.com/bytemare/doclane/internal/syncer/run_helpers.go:41.33,43.17 2 0
github.com/bytemare/doclane/internal/syncer/run_helpers.go:43.17,45.4 1 0
github.com/bytemare/doclane/internal/syncer/run_helpers.go:47.3,48.28 2 0
github.com/bytemare/doclane/internal/syncer/run_helpers.go:48.28,50.18 2 0
github.com/bytemare/doclane/internal/syncer/run_helpers.go:50.18,52.5 1 0
github.com/bytemare/doclane/internal/syncer/run_helpers.go:53.4,53.38 1 0
github.com/bytemare/doclane/internal/syncer/run_helpers.go:56.3,57.17 2 0
github.com/bytemare/doclane/internal/syncer/run_helpers.go:57.17,59.4 1 0
github.com/bytemare/doclane/internal/syncer/run_helpers.go:61.3,63.17 3 0
github.com/bytemare/doclane/internal/syncer/run_helpers.go:63.17,64.38 1 0
github.com/bytemare/doclane/internal/syncer/run_helpers.go:64.38,67.5 2 0
github.com/bytemare/doclane/internal/syncer/run_helpers.go:67.10,69.5 1 0
github.com/bytemare/doclane/internal/syncer/run_helpers.go:72.3,92.5 5 0
github.com/bytemare/doclane/internal/syncer/run_helpers.go:95.2,95.29 1 0
github.com/bytemare/doclane/internal/syncer/run_helpers.go:99.144,111.37 2 0
github.com/bytemare/doclane/internal/syncer/run_helpers.go:111.37,114.3 2 0
github.com/bytemare/doclane/internal/syncer/run_helpers.go:115.2,115.21 1 0
github.com/bytemare/doclane/internal/syncer/run_helpers.go:115.21,117.3 1 0
github.com/bytemare/doclane/internal/syncer/run_helpers.go:118.2,118.28 1 0
github.com/bytemare/doclane/internal/syncer/run_helpers.go:118.28,127.3 1 0
github.com/bytemare/doclane/internal/syncer/run_helpers.go:128.2,128.11 1 0
github.com/bytemare/doclane/internal/syncer/run_helpers.go:132.160,141.21 2 0
github.com/bytemare/doclane/internal/syncer/run_helpers.go:141.21,148.3 1 0
github.com/bytemare/doclane/internal/syncer/run_helpers.go:149.2,149.26 1 0
github.com/bytemare/doclane/internal/syncer/run_helpers.go:149.26,159.3 1 0
github.com/bytemare/doclane/internal/syncer/run_helpers.go:160.2,160.10 1 0
github.com/bytemare/doclane/internal/syncer/run_helpers.go:164.50,165.28 1 0
github.com/bytemare/doclane/internal/syncer/run_helpers.go:165.28,166.18 1 0
github.com/bytemare/doclane/internal/syncer/run_helpers.go:166.18,167.12 1 0
github.com/bytemare/doclane/internal/syncer/run_helpers.go:169.3,169.73 1 0
github.com/bytemare/doclane/internal/syncer/run_helpers.go:169.73,171.4 1 0
github.com/bytemare/doclane/internal/syncer/run_helpers.go:172.3,172.73 1 0
github.com/bytemare/doclane/internal/syncer/run_helpers.go:172.73,174.4 1 0
github.com/bytemare/doclane/internal/syncer/run_helpers.go:176.2,176.12 1 0
github.com/bytemare/doclane/internal/syncer/syncer.go:71.55,73.2 1 0
github.com/bytemare/doclane/internal/syncer/syncer.go:76.35,77.24 1 0
github.com/bytemare/doclane/internal/syncer/syncer.go:77.24,79.3 1 0
github.com/bytemare/doclane/internal/syncer/syncer.go:80.2,80.26 1 0
github.com/bytemare/doclane/internal/syncer/syncer.go:80.26,82.3 1 0
github.com/bytemare/doclane/internal/syncer/syncer.go:83.2,83.26 1 0
github.com/bytemare/doclane/internal/syncer/syncer.go:83.26,85.3 1 0
github.com/bytemare/doclane/internal/syncer/syncer.go:86.2,86.44 1 0
github.com/bytemare/doclane/internal/syncer/syncer.go:86.44,88.3 1 0
github.com/bytemare/doclane/internal/syncer/syncer.go:89.2,89.12 1 0
github.com/bytemare/doclane/internal/syncer/syncer.go:93.50,96.2 2 0
github.com/bytemare/doclane/internal/syncer/syncer.go:99.61,100.40 1 0
github.com/bytemare/doclane/internal/syncer/syncer.go:100.40,102.3 1 0
github.com/bytemare/doclane/internal/syncer/syncer.go:104.2,105.38 2 0
github.com/bytemare/doclane/internal/syncer/syncer.go:105.38,107.3 1 0
github.com/bytemare/doclane/internal/syncer/syncer.go:108.2,111.16 3 0
github.com/bytemare/doclane/internal/syncer/syncer.go:111.16,113.3 1 0
github.com/bytemare/doclane/internal/syncer/syncer.go:114.2,115.16 2 0
github.com/bytemare/doclane/internal/syncer/syncer.go:115.16,117.3 1 0
github.com/bytemare/doclane/internal/syncer/syncer.go:118.2,119.16 2 0
github.com/bytemare/doclane/internal/syncer/syncer.go:119.16,121.3 1 0
github.com/bytemare/doclane/internal/syncer/syncer.go:122.2,127.16 5 0
github.com/bytemare/doclane/internal/syncer/syncer.go:127.16,129.3 1 0
github.com/bytemare/doclane/internal/syncer/syncer.go:131.2,132.16 2 0
github.com/bytemare/doclane/internal/syncer/syncer.go:132.16,134.3 1 0
github.com/bytemare/doclane/internal/syncer/syncer.go:136.2,136.64 1 0
github.com/bytemare/doclane/internal/syncer/syncer.go:136.64,138.3 1 0
github.com/bytemare/doclane/internal/syncer/syncer.go:140.2,140.82 1 0
github.com/bytemare/doclane/internal/syncer/syncer.go:140.82,142.3 1 0
github.com/bytemare/doclane/internal/syncer/syncer.go:144.2,146.16 3 0
github.com/bytemare/doclane/internal/syncer/syncer.go:146.16,148.3 1 0
github.com/bytemare/doclane/internal/syncer/syncer.go:150.2,155.16 3 0
github.com/bytemare/doclane/internal/syncer/syncer.go:155.16,157.3 1 0
github.com/bytemare/doclane/internal/syncer/syncer.go:159.2,160.16 2 0
github.com/bytemare/doclane/internal/syncer/syncer.go:160.16,162.3 1 0
github.com/bytemare/doclane/internal/syncer/syncer.go:163.2,170.16 3 0
github.com/bytemare/doclane/internal/syncer/syncer.go:170.16,172.3 1 0
github.com/bytemare/doclane/internal/syncer/syncer.go:173.2,175.72 2 0
github.com/bytemare/doclane/internal/syncer/syncer.go:175.72,177.3 1 0
github.com/bytemare/doclane/internal/syncer/syncer.go:179.2,180.16 2 0
github.com/bytemare/doclane/internal/syncer/syncer.go:180.16,182.3 1 0
github.com/bytemare/doclane/internal/syncer/syncer.go:183.2,187.16 4 0
github.com/bytemare/doclane/internal/syncer/syncer.go:187.16,189.3 1 0
github.com/bytemare/doclane/internal/syncer/syncer.go:191.2,197.17 5 0
github.com/bytemare/doclane/internal/syncer/syncer.go:197.17,199.3 1 0
github.com/bytemare/doclane/internal/syncer/syncer.go:201.2,201.49 1 0
github.com/bytemare/doclane/internal/syncer/syncer.go:201.49,203.3 1 0
github.com/bytemare/doclane/internal/syncer/syncer.go:204.2,204.17 1 0
github.com/bytemare/doclane/internal/syncer/syncer.go:204.17,205.59 1 0
github.com/bytemare/doclane/internal/syncer/syncer.go:205.59,207.4 1 0
github.com/bytemare/doclane/internal/syncer/syncer.go:209.2,209.67 1 0
github.com/bytemare/doclane/internal/syncer/syncer.go:209.67,211.3 1 0
github.com/bytemare/doclane/internal/syncer/syncer.go:213.2,213.17 1 0
github.com/bytemare/doclane/internal/syncer/syncer.go:213.17,215.3 1 0
github.com/bytemare/doclane/internal/syncer/syncer.go:217.2,217.19 1 0
github.com/bytemare/doclane/internal/syncer/syncer.go:217.19,219.17 2 0
github.com/bytemare/doclane/internal/syncer/syncer.go:219.17,221.4 1 0
github.com/bytemare/doclane/internal/syncer/syncer.go:222.3,222.23 1 0
github.com/bytemare/doclane/internal/syncer/syncer.go:225.2,225.20 1 0
github.com/bytemare/doclane/internal/syncer/syncer.go:228.89,236.37 2 0
github.com/bytemare/doclane/internal/syncer/syncer.go:236.37,239.3 2 0
github.com/bytemare/doclane/internal/syncer/syncer.go:240.2,240.12 1 0
github.com/bytemare/doclane/internal/syncer/syncer.go:243.130,244.39 1 0
github.com/bytemare/doclane/internal/syncer/syncer.go:244.39,246.3 1 0
github.com/bytemare/doclane/internal/syncer/syncer.go:247.2,247.37 1 0
github.com/bytemare/doclane/internal/syncer/syncer.go:247.37,249.3 1 0
github.com/bytemare/doclane/internal/syncer/syncer.go:250.2,250.40 1 0
github.com/bytemare/doclane/internal/syncer/syncer.go:250.40,252.3 1 0
github.com/bytemare/doclane/internal/syncer/syncer.go:253.2,253.12 1 0
github.com/bytemare/doclane/internal/syncer/syncer.go:256.46,257.26 1 0
github.com/bytemare/doclane/internal/syncer/syncer.go:257.26,258.16 1 0
github.com/bytemare/doclane/internal/syncer/syncer.go:258.16,260.4 1 0
github.com/bytemare/doclane/internal/syncer/syncer.go:262.2,262.14 1 0
github.com/bytemare/doclane/internal/syncer/syncer.go:265.39,267.2 1 0
github.com/bytemare/doclane/internal/templatex/template.go:21.80,22.24 1 13
github.com/bytemare/doclane/internal/templatex/template.go:22.24,24.3 1 2
github.com/bytemare/doclane/internal/templatex/template.go:25.2,29.76 4 11
github.com/bytemare/doclane/internal/templatex/template.go:29.76,31.18 2 10
github.com/bytemare/doclane/internal/templatex/template.go:31.18,33.4 1 0
github.com/bytemare/doclane/internal/templatex/template.go:34.3,36.10 3 10
github.com/bytemare/doclane/internal/templatex/template.go:36.10,39.4 2 1
github.com/bytemare/doclane/internal/templatex/template.go:40.3,41.13 2 9
github.com/bytemare/doclane/internal/templatex/template.go:44.2,44.32 1 11
github.com/bytemare/doclane/internal/templatex/template.go:44.32,47.3 2 1
github.com/bytemare/doclane/internal/templatex/template.go:49.2,49.12 1 10
github.com/bytemare/doclane/internal/templatex/template.go:49.12,51.23 2 8
github.com/bytemare/doclane/internal/templatex/template.go:51.23,52.29 1 14
github.com/bytemare/doclane/internal/templatex/template.go:52.29,54.5 1 9
github.com/bytemare/doclane/internal/templatex/template.go:56.3,56.22 1 8
github.com/bytemare/doclane/internal/templatex/template.go:56.22,59.4 2 7
github.com/bytemare/doclane/internal/templatex/template.go:62.2,63.22 2 3
github.com/bytemare/doclane/internal/templatex/template.go:63.22,65.3 1 5
github.com/bytemare/doclane/internal/templatex/template.go:66.2,71.8 2 3
github.com/bytemare/doclane/internal/templatex/template.go:74.42,76.23 2 1
github.com/bytemare/doclane/internal/templatex/template.go:76.23,78.3 1 1
github.com/bytemare/doclane/internal/templatex/template.go:79.2,80.21 2 1
github.com/bytemare/doclane/internal/templatex/template.go:80.21,82.3 1 1
github.com/bytemare/doclane/internal/templatex/template.go:83.2,84.12 2 1
